Thu Dec 20 13:42:47 CST 2018  [debug] AvalonLogSystem initialized using logfile 'velocity.log'
Thu Dec 20 13:42:47 CST 2018   [info] ************************************************************** 
Thu Dec 20 13:42:47 CST 2018   [info] Starting Jakarta Velocity v1.4
Thu Dec 20 13:42:47 CST 2018   [info] RuntimeInstance initializing.
Thu Dec 20 13:42:47 CST 2018   [info] Default Properties File: org\apache\velocity\runtime\defaults\velocity.properties
Thu Dec 20 13:42:47 CST 2018   [info] Trying to use logger class org.apache.velocity.runtime.log.AvalonLogSystem
Thu Dec 20 13:42:47 CST 2018   [info] Using logger class org.apache.velocity.runtime.log.AvalonLogSystem
Thu Dec 20 13:42:47 CST 2018   [info] Default ResourceManager initializing. (class org.apache.velocity.runtime.resource.ResourceManagerImpl)
Thu Dec 20 13:42:47 CST 2018   [info] Resource Loader Instantiated: org.apache.velocity.runtime.resource.loader.FileResourceLoader
Thu Dec 20 13:42:47 CST 2018   [info] FileResourceLoader : initialization starting.
Thu Dec 20 13:42:47 CST 2018   [info] FileResourceLoader : adding path 'd:/program/quartus/ip/altera/fft/lib/\template'
Thu Dec 20 13:42:47 CST 2018   [info] FileResourceLoader : adding path '.'
Thu Dec 20 13:42:47 CST 2018   [info] FileResourceLoader : initialization complete.
Thu Dec 20 13:42:47 CST 2018   [info] Resource Loader Instantiated: org.apache.velocity.runtime.resource.loader.JarResourceLoader
Thu Dec 20 13:42:47 CST 2018   [info] JarResourceLoader : initialization starting.
Thu Dec 20 13:42:47 CST 2018   [info] JarResourceLoader # of paths : 0
Thu Dec 20 13:42:47 CST 2018   [info] JarResourceLoader : initialization complete.
Thu Dec 20 13:42:47 CST 2018   [info] Resource Loader Instantiated: org.apache.velocity.runtime.resource.loader.ClasspathResourceLoader
Thu Dec 20 13:42:47 CST 2018   [info] ClasspathResourceLoader : initialization starting.
Thu Dec 20 13:42:47 CST 2018   [info] ClasspathResourceLoader : initialization complete.
Thu Dec 20 13:42:47 CST 2018   [info] ResourceCache : initialized. (class org.apache.velocity.runtime.resource.ResourceCacheImpl)
Thu Dec 20 13:42:47 CST 2018   [info] Default ResourceManager initialization complete.
Thu Dec 20 13:42:47 CST 2018   [info] Loaded System Directive: org.apache.velocity.runtime.directive.Literal
Thu Dec 20 13:42:47 CST 2018   [info] Loaded System Directive: org.apache.velocity.runtime.directive.Macro
Thu Dec 20 13:42:47 CST 2018   [info] Loaded System Directive: org.apache.velocity.runtime.directive.Parse
Thu Dec 20 13:42:47 CST 2018   [info] Loaded System Directive: org.apache.velocity.runtime.directive.Include
Thu Dec 20 13:42:47 CST 2018   [info] Loaded System Directive: org.apache.velocity.runtime.directive.Foreach
Thu Dec 20 13:42:47 CST 2018   [info] Created: 20 parsers.
Thu Dec 20 13:42:47 CST 2018   [info] Velocimacro : initialization starting.
Thu Dec 20 13:42:47 CST 2018   [info] Velocimacro : adding VMs from VM library template : VM_global_library.vm
Thu Dec 20 13:42:47 CST 2018   [info] Velocimacro : added new VM : #listall( list ) : source = VM_global_library.vm
Thu Dec 20 13:42:47 CST 2018   [info] Velocimacro : added new VM : #listlist( list ) : source = VM_global_library.vm
Thu Dec 20 13:42:47 CST 2018   [info] ResourceManager : found VM_global_library.vm with loader org.apache.velocity.runtime.resource.loader.ClasspathResourceLoader
Thu Dec 20 13:42:47 CST 2018   [info] Velocimacro :  VM library template macro registration complete.
Thu Dec 20 13:42:47 CST 2018   [info] Velocimacro : allowInline = true : VMs can be defined inline in templates
Thu Dec 20 13:42:47 CST 2018   [info] Velocimacro : allowInlineToOverride = false : VMs defined inline may NOT replace previous VM definitions
Thu Dec 20 13:42:47 CST 2018   [info] Velocimacro : allowInlineLocal = false : VMs defined inline will be  global in scope if allowed.
Thu Dec 20 13:42:47 CST 2018   [info] Velocimacro : messages on  : VM system will output logging messages
Thu Dec 20 13:42:47 CST 2018   [info] Velocimacro : autoload off  : VM system will not automatically reload global library macros
Thu Dec 20 13:42:47 CST 2018   [info] Velocimacro : initialization complete.
Thu Dec 20 13:42:47 CST 2018   [info] Velocity successfully started.
Thu Dec 20 13:42:49 CST 2018   [info] ResourceManager : found fft_top_vhdl_tb.vm with loader org.apache.velocity.runtime.resource.loader.ClasspathResourceLoader
Thu Dec 20 13:42:49 CST 2018   [info] ResourceManager : found alt_license.txt with loader org.apache.velocity.runtime.resource.loader.ClasspathResourceLoader
Thu Dec 20 13:42:49 CST 2018   [info] ResourceManager : found fft_top_verilog_tb.vm with loader org.apache.velocity.runtime.resource.loader.ClasspathResourceLoader
Thu Dec 20 13:42:49 CST 2018   [info] ResourceManager : found alt_license_verilog.txt with loader org.apache.velocity.runtime.resource.loader.ClasspathResourceLoader
Thu Dec 20 13:42:49 CST 2018   [info] ResourceManager : found matlab_tb.vm with loader org.apache.velocity.runtime.resource.loader.ClasspathResourceLoader
Thu Dec 20 13:42:49 CST 2018   [info] ResourceManager : found matlab_model.vm with loader org.apache.velocity.runtime.resource.loader.ClasspathResourceLoader
Thu Dec 20 13:42:49 CST 2018   [info] ResourceManager : found set_nativelink_tcl.vm with loader org.apache.velocity.runtime.resource.loader.ClasspathResourceLoader
Thu Dec 20 13:42:49 CST 2018   [info] ResourceManager : found alt_license_tcl.txt with loader org.apache.velocity.runtime.resource.loader.ClasspathResourceLoader
Thu Dec 20 13:43:09 CST 2018   [info] ResourceManager : found fft_top_vhdl_tb.vm with loader org.apache.velocity.runtime.resource.loader.ClasspathResourceLoader
Thu Dec 20 13:43:09 CST 2018   [info] ResourceManager : found alt_license.txt with loader org.apache.velocity.runtime.resource.loader.ClasspathResourceLoader
Thu Dec 20 13:43:09 CST 2018   [info] ResourceManager : found fft_top_verilog_tb.vm with loader org.apache.velocity.runtime.resource.loader.ClasspathResourceLoader
Thu Dec 20 13:43:09 CST 2018   [info] ResourceManager : found alt_license_verilog.txt with loader org.apache.velocity.runtime.resource.loader.ClasspathResourceLoader
Thu Dec 20 13:43:09 CST 2018   [info] ResourceManager : found matlab_tb.vm with loader org.apache.velocity.runtime.resource.loader.ClasspathResourceLoader
Thu Dec 20 13:43:09 CST 2018   [info] ResourceManager : found matlab_model.vm with loader org.apache.velocity.runtime.resource.loader.ClasspathResourceLoader
Thu Dec 20 13:43:09 CST 2018   [info] ResourceManager : found set_nativelink_tcl.vm with loader org.apache.velocity.runtime.resource.loader.ClasspathResourceLoader
Thu Dec 20 13:43:09 CST 2018   [info] ResourceManager : found alt_license_tcl.txt with loader org.apache.velocity.runtime.resource.loader.ClasspathResourceLoader
Thu Dec 20 13:43:26 CST 2018   [info] ResourceManager : found fft_top_vhdl_tb.vm with loader org.apache.velocity.runtime.resource.loader.ClasspathResourceLoader
Thu Dec 20 13:43:26 CST 2018   [info] ResourceManager : found alt_license.txt with loader org.apache.velocity.runtime.resource.loader.ClasspathResourceLoader
Thu Dec 20 13:43:26 CST 2018   [info] ResourceManager : found fft_top_verilog_tb.vm with loader org.apache.velocity.runtime.resource.loader.ClasspathResourceLoader
Thu Dec 20 13:43:26 CST 2018   [info] ResourceManager : found alt_license_verilog.txt with loader org.apache.velocity.runtime.resource.loader.ClasspathResourceLoader
Thu Dec 20 13:43:26 CST 2018   [info] ResourceManager : found matlab_tb.vm with loader org.apache.velocity.runtime.resource.loader.ClasspathResourceLoader
Thu Dec 20 13:43:26 CST 2018   [info] ResourceManager : found matlab_model.vm with loader org.apache.velocity.runtime.resource.loader.ClasspathResourceLoader
Thu Dec 20 13:43:26 CST 2018   [info] ResourceManager : found set_nativelink_tcl.vm with loader org.apache.velocity.runtime.resource.loader.ClasspathResourceLoader
Thu Dec 20 13:43:26 CST 2018   [info] ResourceManager : found alt_license_tcl.txt with loader org.apache.velocity.runtime.resource.loader.ClasspathResourceLoader
Thu Dec 20 13:43:45 CST 2018   [info] ResourceManager : found fft_top_vhdl_tb.vm with loader org.apache.velocity.runtime.resource.loader.ClasspathResourceLoader
Thu Dec 20 13:43:45 CST 2018   [info] ResourceManager : found alt_license.txt with loader org.apache.velocity.runtime.resource.loader.ClasspathResourceLoader
Thu Dec 20 13:43:45 CST 2018   [info] ResourceManager : found fft_top_verilog_tb.vm with loader org.apache.velocity.runtime.resource.loader.ClasspathResourceLoader
Thu Dec 20 13:43:45 CST 2018   [info] ResourceManager : found alt_license_verilog.txt with loader org.apache.velocity.runtime.resource.loader.ClasspathResourceLoader
Thu Dec 20 13:43:45 CST 2018   [info] ResourceManager : found matlab_tb.vm with loader org.apache.velocity.runtime.resource.loader.ClasspathResourceLoader
Thu Dec 20 13:43:45 CST 2018   [info] ResourceManager : found matlab_model.vm with loader org.apache.velocity.runtime.resource.loader.ClasspathResourceLoader
Thu Dec 20 13:43:45 CST 2018   [info] ResourceManager : found set_nativelink_tcl.vm with loader org.apache.velocity.runtime.resource.loader.ClasspathResourceLoader
Thu Dec 20 13:43:45 CST 2018   [info] ResourceManager : found alt_license_tcl.txt with loader org.apache.velocity.runtime.resource.loader.ClasspathResourceLoader
