Flow report for FFT_audio_lcd
Fri Jan 18 16:00:04 2019
Quartus II 64-Bit Version 13.1.0 Build 162 10/23/2013 SJ Full Version


---------------------
; Table of Contents ;
---------------------
  1. Legal Notice
  2. Flow Summary
  3. Flow Settings
  4. Flow Non-Default Global Settings
  5. Flow Elapsed Time
  6. Flow OS Summary
  7. Flow Log
  8. Flow Messages
  9. Flow Suppressed Messages



----------------
; Legal Notice ;
----------------
Copyright (C) 1991-2013 Altera Corporation
Your use of Altera Corporation's design tools, logic functions 
and other software and tools, and its AMPP partner logic 
functions, and any output files from any of the foregoing 
(including device programming or simulation files), and any 
associated documentation or information are expressly subject 
to the terms and conditions of the Altera Program License 
Subscription Agreement, Altera MegaCore Function License 
Agreement, or other applicable license agreement, including, 
without limitation, that your use is for the sole purpose of 
programming logic devices manufactured by Altera and sold by 
Altera or its authorized distributors.  Please refer to the 
applicable agreement for further details.



+----------------------------------------------------------------------------------+
; Flow Summary                                                                     ;
+------------------------------------+---------------------------------------------+
; Flow Status                        ; Successful - Fri Jan 18 15:59:57 2019       ;
; Quartus II 64-Bit Version          ; 13.1.0 Build 162 10/23/2013 SJ Full Version ;
; Revision Name                      ; FFT_audio_lcd                               ;
; Top-level Entity Name              ; FFT_audio_lcd                               ;
; Family                             ; Cyclone IV E                                ;
; Device                             ; EP4CE10F17C8                                ;
; Timing Models                      ; Final                                       ;
; Total logic elements               ; 4,649 / 10,320 ( 45 % )                     ;
;     Total combinational functions  ; 3,756 / 10,320 ( 36 % )                     ;
;     Dedicated logic registers      ; 3,773 / 10,320 ( 37 % )                     ;
; Total registers                    ; 3773                                        ;
; Total pins                         ; 31 / 180 ( 17 % )                           ;
; Total virtual pins                 ; 0                                           ;
; Total memory bits                  ; 20,864 / 423,936 ( 5 % )                    ;
; Embedded Multiplier 9-bit elements ; 28 / 46 ( 61 % )                            ;
; Total PLLs                         ; 1 / 2 ( 50 % )                              ;
+------------------------------------+---------------------------------------------+


+-----------------------------------------+
; Flow Settings                           ;
+-------------------+---------------------+
; Option            ; Setting             ;
+-------------------+---------------------+
; Start date & time ; 01/18/2019 15:58:59 ;
; Main task         ; Compilation         ;
; Revision Name     ; FFT_audio_lcd       ;
+-------------------+---------------------+


+--------------------------------------------------------------------------------------------------------------------------------------------------------------------+
; Flow Non-Default Global Settings                                                                                                                                   ;
+-------------------------------------+-----------------------------------------------------------------------------------+---------------+-------------+------------+
; Assignment Name                     ; Value                                                                             ; Default Value ; Entity Name ; Section Id ;
+-------------------------------------+-----------------------------------------------------------------------------------+---------------+-------------+------------+
; COMPILER_SIGNATURE_ID               ; 88147556840677.154779833804584                                                    ; --            ; --          ; --         ;
; ENABLE_SIGNALTAP                    ; Off                                                                               ; --            ; --          ; --         ;
; IP_TOOL_NAME                        ; ALTSQRT                                                                           ; --            ; --          ; --         ;
; IP_TOOL_NAME                        ; ALTPLL                                                                            ; --            ; --          ; --         ;
; IP_TOOL_NAME                        ; FFT                                                                               ; --            ; --          ; --         ;
; IP_TOOL_NAME                        ; FIFO                                                                              ; --            ; --          ; --         ;
; IP_TOOL_NAME                        ; FIFO                                                                              ; --            ; --          ; --         ;
; IP_TOOL_VERSION                     ; 13.1                                                                              ; --            ; --          ; --         ;
; IP_TOOL_VERSION                     ; 13.1                                                                              ; --            ; --          ; --         ;
; IP_TOOL_VERSION                     ; 13.1                                                                              ; --            ; --          ; --         ;
; IP_TOOL_VERSION                     ; 13.1                                                                              ; --            ; --          ; --         ;
; IP_TOOL_VERSION                     ; 13.1                                                                              ; --            ; --          ; --         ;
; MAX_CORE_JUNCTION_TEMP              ; 85                                                                                ; --            ; --          ; --         ;
; MIN_CORE_JUNCTION_TEMP              ; 0                                                                                 ; --            ; --          ; --         ;
; MISC_FILE                           ; ipcore/sqrt_inst.v                                                                ; --            ; --          ; --         ;
; MISC_FILE                           ; ipcore/pll.ppf                                                                    ; --            ; --          ; --         ;
; MISC_FILE                           ; ipcore/FFT/fft-library/apn_fftfpbdr_core_fft_131.vhd                              ; --            ; --          ; --         ;
; MISC_FILE                           ; ipcore/FFT/fft-library/apn_fftfpbdr_firststage_fft_131.vhd                        ; --            ; --          ; --         ;
; MISC_FILE                           ; ipcore/FFT/fft-library/apn_fftfpbdr_laststage_fft_131.vhd                         ; --            ; --          ; --         ;
; MISC_FILE                           ; ipcore/FFT/fft-library/apn_fftfpbdr_stage_fft_131.vhd                             ; --            ; --          ; --         ;
; MISC_FILE                           ; ipcore/FFT/fft-library/apn_fftfpbdr_top_fft_131.vhd                               ; --            ; --          ; --         ;
; MISC_FILE                           ; ipcore/FFT/fft-library/apn_fftfprvs_core_fft_131.vhd                              ; --            ; --          ; --         ;
; MISC_FILE                           ; ipcore/FFT/fft-library/apn_fftfprvs_fft4_fft_131.vhd                              ; --            ; --          ; --         ;
; MISC_FILE                           ; ipcore/FFT/fft-library/apn_fftfprvs_firststage_fft_131.vhd                        ; --            ; --          ; --         ;
; MISC_FILE                           ; ipcore/FFT/fft-library/apn_fftfprvs_laststage_fft_131.vhd                         ; --            ; --          ; --         ;
; MISC_FILE                           ; ipcore/FFT/fft-library/apn_fftfprvs_stage_fft_131.vhd                             ; --            ; --          ; --         ;
; MISC_FILE                           ; ipcore/FFT/fft-library/apn_fftfprvs_top_fft_131.vhd                               ; --            ; --          ; --         ;
; MISC_FILE                           ; ipcore/FFT/fft-library/apn_fftfprvs_twiddle_opt_fft_131.vhd                       ; --            ; --          ; --         ;
; MISC_FILE                           ; ipcore/FFT/fft-library/apn_fftfp_add_fft_131.vhd                                  ; --            ; --          ; --         ;
; MISC_FILE                           ; ipcore/FFT/fft-library/apn_fftfp_cmplxmult_fft_131.vhd                            ; --            ; --          ; --         ;
; MISC_FILE                           ; ipcore/FFT/fft-library/apn_fftfp_core_fft_131.vhd                                 ; --            ; --          ; --         ;
; MISC_FILE                           ; ipcore/FFT/fft-library/apn_fftfp_del_fft_131.vhd                                  ; --            ; --          ; --         ;
; MISC_FILE                           ; ipcore/FFT/fft-library/apn_fftfp_dft4_fft_131.vhd                                 ; --            ; --          ; --         ;
; MISC_FILE                           ; ipcore/FFT/fft-library/apn_fftfp_fft4_fft_131.vhd                                 ; --            ; --          ; --         ;
; MISC_FILE                           ; ipcore/FFT/fft-library/apn_fftfp_laststage_fft_131.vhd                            ; --            ; --          ; --         ;
; MISC_FILE                           ; ipcore/FFT/fft-library/apn_fftfp_lsft32_fft_131.vhd                               ; --            ; --          ; --         ;
; MISC_FILE                           ; ipcore/FFT/fft-library/apn_fftfp_mul_2727_fft_131.vhd                             ; --            ; --          ; --         ;
; MISC_FILE                           ; ipcore/FFT/fft-library/apn_fftfp_mul_fft_131.vhd                                  ; --            ; --          ; --         ;
; MISC_FILE                           ; ipcore/FFT/fft-library/apn_fftfp_ram_fft_131.vhd                                  ; --            ; --          ; --         ;
; MISC_FILE                           ; ipcore/FFT/fft-library/apn_fftfp_rsft32_fft_131.vhd                               ; --            ; --          ; --         ;
; MISC_FILE                           ; ipcore/FFT/fft-library/apn_fftfp_rvsctl_fft_131.vhd                               ; --            ; --          ; --         ;
; MISC_FILE                           ; ipcore/FFT/fft-library/apn_fftfp_rvs_fft_131.vhd                                  ; --            ; --          ; --         ;
; MISC_FILE                           ; ipcore/FFT/fft-library/apn_fftfp_shift_fft_131.vhd                                ; --            ; --          ; --         ;
; MISC_FILE                           ; ipcore/FFT/fft-library/apn_fftfp_snorm_fft_131.vhd                                ; --            ; --          ; --         ;
; MISC_FILE                           ; ipcore/FFT/fft-library/apn_fftfp_snorm_mul_fft_131.vhd                            ; --            ; --          ; --         ;
; MISC_FILE                           ; ipcore/FFT/fft-library/apn_fftfp_stage_fft_131.vhd                                ; --            ; --          ; --         ;
; MISC_FILE                           ; ipcore/FFT/fft-library/apn_fftfp_sub_fft_131.vhd                                  ; --            ; --          ; --         ;
; MISC_FILE                           ; ipcore/FFT/fft-library/apn_fftfp_top_fft_131.vhd                                  ; --            ; --          ; --         ;
; MISC_FILE                           ; ipcore/FFT/fft-library/apn_fftfp_twiddle_fft_131.vhd                              ; --            ; --          ; --         ;
; MISC_FILE                           ; ipcore/FFT/fft-library/apn_fftfp_twiddle_opt_fft_131.vhd                          ; --            ; --          ; --         ;
; MISC_FILE                           ; ipcore/FFT/fft-library/apn_fftfp_unorm_fft_131.vhd                                ; --            ; --          ; --         ;
; MISC_FILE                           ; ipcore/FFT/fft-library/apn_fft_cmult_cpx2_fft_131.vhd                             ; --            ; --          ; --         ;
; MISC_FILE                           ; ipcore/FFT/fft-library/apn_fft_cmult_cpx_fft_131.vhd                              ; --            ; --          ; --         ;
; MISC_FILE                           ; ipcore/FFT/fft-library/apn_fft_mult_can_fft_131.vhd                               ; --            ; --          ; --         ;
; MISC_FILE                           ; ipcore/FFT/fft-library/apn_fft_mult_cpx_1825_fft_131.v                            ; --            ; --          ; --         ;
; MISC_FILE                           ; ipcore/FFT/fft-library/apn_fft_mult_cpx_fft_131.vhd                               ; --            ; --          ; --         ;
; MISC_FILE                           ; ipcore/FFT/fft-library/apn_hcc_cntsgn32_fft_131.vhd                               ; --            ; --          ; --         ;
; MISC_FILE                           ; ipcore/FFT/fft-library/apn_hcc_cntusgn32_fft_131.vhd                              ; --            ; --          ; --         ;
; MISC_FILE                           ; ipcore/FFT/fft-library/apn_hcc_sgnpstn_fft_131.vhd                                ; --            ; --          ; --         ;
; MISC_FILE                           ; ipcore/FFT/fft-library/apn_hcc_usgnpos_fft_131.vhd                                ; --            ; --          ; --         ;
; MISC_FILE                           ; ipcore/FFT/fft-library/asj_fft_1dp_ram_fft_131.vhd                                ; --            ; --          ; --         ;
; MISC_FILE                           ; ipcore/FFT/fft-library/asj_fft_1tdp_rom_fft_131.vhd                               ; --            ; --          ; --         ;
; MISC_FILE                           ; ipcore/FFT/fft-library/asj_fft_3dp_rom_fft_131.vhd                                ; --            ; --          ; --         ;
; MISC_FILE                           ; ipcore/FFT/fft-library/asj_fft_3pi_mram_fft_131.vhd                               ; --            ; --          ; --         ;
; MISC_FILE                           ; ipcore/FFT/fft-library/asj_fft_3tdp_rom_fft_131.vhd                               ; --            ; --          ; --         ;
; MISC_FILE                           ; ipcore/FFT/fft-library/asj_fft_4dp_ram_fft_131.vhd                                ; --            ; --          ; --         ;
; MISC_FILE                           ; ipcore/FFT/fft-library/asj_fft_6tdp_rom_fft_131.vhd                               ; --            ; --          ; --         ;
; MISC_FILE                           ; ipcore/FFT/fft-library/asj_fft_alt_shift_tdl_fft_131.vhd                          ; --            ; --          ; --         ;
; MISC_FILE                           ; ipcore/FFT/fft-library/asj_fft_bfp_ctrl_fft_131.vhd                               ; --            ; --          ; --         ;
; MISC_FILE                           ; ipcore/FFT/fft-library/asj_fft_bfp_i_1pt_fft_131.vhd                              ; --            ; --          ; --         ;
; MISC_FILE                           ; ipcore/FFT/fft-library/asj_fft_bfp_i_fft_131.vhd                                  ; --            ; --          ; --         ;
; MISC_FILE                           ; ipcore/FFT/fft-library/asj_fft_bfp_o_1pt_fft_131.vhd                              ; --            ; --          ; --         ;
; MISC_FILE                           ; ipcore/FFT/fft-library/asj_fft_bfp_o_fft_131.vhd                                  ; --            ; --          ; --         ;
; MISC_FILE                           ; ipcore/FFT/fft-library/asj_fft_burst_ctrl_de_fft_131.vhd                          ; --            ; --          ; --         ;
; MISC_FILE                           ; ipcore/FFT/fft-library/asj_fft_burst_ctrl_fft_131.vhd                             ; --            ; --          ; --         ;
; MISC_FILE                           ; ipcore/FFT/fft-library/asj_fft_burst_ctrl_qe_fft_131.vhd                          ; --            ; --          ; --         ;
; MISC_FILE                           ; ipcore/FFT/fft-library/asj_fft_cmult_can_fft_131.vhd                              ; --            ; --          ; --         ;
; MISC_FILE                           ; ipcore/FFT/fft-library/asj_fft_cmult_std_fft_131.vhd                              ; --            ; --          ; --         ;
; MISC_FILE                           ; ipcore/FFT/fft-library/asj_fft_cnt_ctrl_de_fft_131.vhd                            ; --            ; --          ; --         ;
; MISC_FILE                           ; ipcore/FFT/fft-library/asj_fft_cnt_ctrl_fft_131.vhd                               ; --            ; --          ; --         ;
; MISC_FILE                           ; ipcore/FFT/fft-library/asj_fft_cxb_addr_fft_131.vhd                               ; --            ; --          ; --         ;
; MISC_FILE                           ; ipcore/FFT/fft-library/asj_fft_cxb_data_fft_131.vhd                               ; --            ; --          ; --         ;
; MISC_FILE                           ; ipcore/FFT/fft-library/asj_fft_cxb_data_mram_fft_131.vhd                          ; --            ; --          ; --         ;
; MISC_FILE                           ; ipcore/FFT/fft-library/asj_fft_cxb_data_r_fft_131.vhd                             ; --            ; --          ; --         ;
; MISC_FILE                           ; ipcore/FFT/fft-library/asj_fft_dataadgen_fft_131.vhd                              ; --            ; --          ; --         ;
; MISC_FILE                           ; ipcore/FFT/fft-library/asj_fft_data_ram_dp_fft_131.vhd                            ; --            ; --          ; --         ;
; MISC_FILE                           ; ipcore/FFT/fft-library/asj_fft_data_ram_fft_131.vhd                               ; --            ; --          ; --         ;
; MISC_FILE                           ; ipcore/FFT/fft-library/asj_fft_dft_bfp_fft_131.vhd                                ; --            ; --          ; --         ;
; MISC_FILE                           ; ipcore/FFT/fft-library/asj_fft_dft_bfp_sgl_fft_131.vhd                            ; --            ; --          ; --         ;
; MISC_FILE                           ; ipcore/FFT/fft-library/asj_fft_dpi_mram_fft_131.vhd                               ; --            ; --          ; --         ;
; MISC_FILE                           ; ipcore/FFT/fft-library/asj_fft_dp_mram_fft_131.vhd                                ; --            ; --          ; --         ;
; MISC_FILE                           ; ipcore/FFT/fft-library/asj_fft_dualstream_fft_131.vhd                             ; --            ; --          ; --         ;
; MISC_FILE                           ; ipcore/FFT/fft-library/asj_fft_in_write_sgl_fft_131.vhd                           ; --            ; --          ; --         ;
; MISC_FILE                           ; ipcore/FFT/fft-library/asj_fft_lcm_mult_2m_fft_131.vhd                            ; --            ; --          ; --         ;
; MISC_FILE                           ; ipcore/FFT/fft-library/asj_fft_lcm_mult_fft_131.vhd                               ; --            ; --          ; --         ;
; MISC_FILE                           ; ipcore/FFT/fft-library/asj_fft_lpprdadgen_fft_131.vhd                             ; --            ; --          ; --         ;
; MISC_FILE                           ; ipcore/FFT/fft-library/asj_fft_lpprdadr2gen_fft_131.vhd                           ; --            ; --          ; --         ;
; MISC_FILE                           ; ipcore/FFT/fft-library/asj_fft_lpp_fft_131.vhd                                    ; --            ; --          ; --         ;
; MISC_FILE                           ; ipcore/FFT/fft-library/asj_fft_lpp_serial_fft_131.vhd                             ; --            ; --          ; --         ;
; MISC_FILE                           ; ipcore/FFT/fft-library/asj_fft_lpp_serial_r2_fft_131.vhd                          ; --            ; --          ; --         ;
; MISC_FILE                           ; ipcore/FFT/fft-library/asj_fft_mult_add_fft_131.vhd                               ; --            ; --          ; --         ;
; MISC_FILE                           ; ipcore/FFT/fft-library/asj_fft_m_k_counter_fft_131.vhd                            ; --            ; --          ; --         ;
; MISC_FILE                           ; ipcore/FFT/fft-library/asj_fft_pround_fft_131.vhd                                 ; --            ; --          ; --         ;
; MISC_FILE                           ; ipcore/FFT/fft-library/asj_fft_sglstream_fft_131.vhd                              ; --            ; --          ; --         ;
; MISC_FILE                           ; ipcore/FFT/fft-library/asj_fft_si_de_so_bb_fft_131.vhd                            ; --            ; --          ; --         ;
; MISC_FILE                           ; ipcore/FFT/fft-library/asj_fft_si_de_so_b_fft_131.vhd                             ; --            ; --          ; --         ;
; MISC_FILE                           ; ipcore/FFT/fft-library/asj_fft_si_qe_so_bb_fft_131.vhd                            ; --            ; --          ; --         ;
; MISC_FILE                           ; ipcore/FFT/fft-library/asj_fft_si_qe_so_b_fft_131.vhd                             ; --            ; --          ; --         ;
; MISC_FILE                           ; ipcore/FFT/fft-library/asj_fft_si_se_so_bb_fft_131.vhd                            ; --            ; --          ; --         ;
; MISC_FILE                           ; ipcore/FFT/fft-library/asj_fft_si_se_so_b_fft_131.vhd                             ; --            ; --          ; --         ;
; MISC_FILE                           ; ipcore/FFT/fft-library/asj_fft_si_sose_so_b_fft_131.vhd                           ; --            ; --          ; --         ;
; MISC_FILE                           ; ipcore/FFT/fft-library/asj_fft_tdl_bit_fft_131.vhd                                ; --            ; --          ; --         ;
; MISC_FILE                           ; ipcore/FFT/fft-library/asj_fft_tdl_bit_rst_fft_131.vhd                            ; --            ; --          ; --         ;
; MISC_FILE                           ; ipcore/FFT/fft-library/asj_fft_tdl_fft_131.vhd                                    ; --            ; --          ; --         ;
; MISC_FILE                           ; ipcore/FFT/fft-library/asj_fft_tdl_rst_fft_131.vhd                                ; --            ; --          ; --         ;
; MISC_FILE                           ; ipcore/FFT/fft-library/asj_fft_twadgen_dual_fft_131.vhd                           ; --            ; --          ; --         ;
; MISC_FILE                           ; ipcore/FFT/fft-library/asj_fft_twadgen_fft_131.vhd                                ; --            ; --          ; --         ;
; MISC_FILE                           ; ipcore/FFT/fft-library/asj_fft_twadsogen_fft_131.vhd                              ; --            ; --          ; --         ;
; MISC_FILE                           ; ipcore/FFT/fft-library/asj_fft_twadsogen_q_fft_131.vhd                            ; --            ; --          ; --         ;
; MISC_FILE                           ; ipcore/FFT/fft-library/asj_fft_twiddle_ctrl_qe_fft_131.vhd                        ; --            ; --          ; --         ;
; MISC_FILE                           ; ipcore/FFT/fft-library/asj_fft_twid_rom_tdp_fft_131.vhd                           ; --            ; --          ; --         ;
; MISC_FILE                           ; ipcore/FFT/fft-library/asj_fft_unbburst_ctrl_de_fft_131.vhd                       ; --            ; --          ; --         ;
; MISC_FILE                           ; ipcore/FFT/fft-library/asj_fft_unbburst_ctrl_fft_131.vhd                          ; --            ; --          ; --         ;
; MISC_FILE                           ; ipcore/FFT/fft-library/asj_fft_unbburst_ctrl_qe_fft_131.vhd                       ; --            ; --          ; --         ;
; MISC_FILE                           ; ipcore/FFT/fft-library/asj_fft_unbburst_sose_ctrl_fft_131.vhd                     ; --            ; --          ; --         ;
; MISC_FILE                           ; ipcore/FFT/fft-library/asj_fft_wrengen_fft_131.vhd                                ; --            ; --          ; --         ;
; MISC_FILE                           ; ipcore/FFT/fft-library/asj_fft_wrswgen_fft_131.vhd                                ; --            ; --          ; --         ;
; MISC_FILE                           ; ipcore/FFT/fft-library/auk_dspip_avalon_streaming_block_sink_fftfprvs_fft_131.vhd ; --            ; --          ; --         ;
; MISC_FILE                           ; ipcore/FFT/fft-library/auk_dspip_avalon_streaming_block_sink_fft_131.vhd          ; --            ; --          ; --         ;
; MISC_FILE                           ; ipcore/FFT/fft-library/auk_dspip_avalon_streaming_block_source_fft_131.vhd        ; --            ; --          ; --         ;
; MISC_FILE                           ; ipcore/FFT/fft-library/auk_dspip_avalon_streaming_controller_fft_131.vhd          ; --            ; --          ; --         ;
; MISC_FILE                           ; ipcore/FFT/fft-library/auk_dspip_avalon_streaming_controller_pe_fft_131.vhd       ; --            ; --          ; --         ;
; MISC_FILE                           ; ipcore/FFT/fft-library/auk_dspip_avalon_streaming_monitor_fft_131.vhd             ; --            ; --          ; --         ;
; MISC_FILE                           ; ipcore/FFT/fft-library/auk_dspip_avalon_streaming_sink_fft_131.vhd                ; --            ; --          ; --         ;
; MISC_FILE                           ; ipcore/FFT/fft-library/auk_dspip_avalon_streaming_sink_model_fft_131.vhd          ; --            ; --          ; --         ;
; MISC_FILE                           ; ipcore/FFT/fft-library/auk_dspip_avalon_streaming_source_fft_131.vhd              ; --            ; --          ; --         ;
; MISC_FILE                           ; ipcore/FFT/fft-library/auk_dspip_avalon_streaming_source_from_monitor_fft_131.vhd ; --            ; --          ; --         ;
; MISC_FILE                           ; ipcore/FFT/fft-library/auk_dspip_avalon_streaming_source_model_fft_131.vhd        ; --            ; --          ; --         ;
; MISC_FILE                           ; ipcore/FFT/fft-library/auk_dspip_bit_reverse_addr_control_fft_131.vhd             ; --            ; --          ; --         ;
; MISC_FILE                           ; ipcore/FFT/fft-library/auk_dspip_bit_reverse_core_fft_131.vhd                     ; --            ; --          ; --         ;
; MISC_FILE                           ; ipcore/FFT/fft-library/auk_dspip_bit_reverse_reverse_carry_adder_fft_131.vhd      ; --            ; --          ; --         ;
; MISC_FILE                           ; ipcore/FFT/fft-library/auk_dspip_fpcompiler_alufp_fft_131.vhd                     ; --            ; --          ; --         ;
; MISC_FILE                           ; ipcore/FFT/fft-library/auk_dspip_fpcompiler_aslf_fft_131.vhd                      ; --            ; --          ; --         ;
; MISC_FILE                           ; ipcore/FFT/fft-library/auk_dspip_fpcompiler_asrf_fft_131.vhd                      ; --            ; --          ; --         ;
; MISC_FILE                           ; ipcore/FFT/fft-library/auk_dspip_fpcompiler_castftox_fft_131.vhd                  ; --            ; --          ; --         ;
; MISC_FILE                           ; ipcore/FFT/fft-library/auk_dspip_fpcompiler_castxtof_fft_131.vhd                  ; --            ; --          ; --         ;
; MISC_FILE                           ; ipcore/FFT/fft-library/auk_dspip_fpcompiler_clzf_fft_131.vhd                      ; --            ; --          ; --         ;
; MISC_FILE                           ; ipcore/FFT/fft-library/auk_dspip_fpcompiler_mulfp_fft_131.vhd                     ; --            ; --          ; --         ;
; MISC_FILE                           ; ipcore/FFT/fft-library/auk_dspip_lib_pkg_fft_131.vhd                              ; --            ; --          ; --         ;
; MISC_FILE                           ; ipcore/FFT/fft-library/auk_dspip_math_pkg_fft_131.vhd                             ; --            ; --          ; --         ;
; MISC_FILE                           ; ipcore/FFT/fft-library/auk_dspip_r22sdf_adder_fp_fft_131.vhd                      ; --            ; --          ; --         ;
; MISC_FILE                           ; ipcore/FFT/fft-library/auk_dspip_r22sdf_addsub_fft_131.vhd                        ; --            ; --          ; --         ;
; MISC_FILE                           ; ipcore/FFT/fft-library/auk_dspip_r22sdf_bfii_fft_131.vhd                          ; --            ; --          ; --         ;
; MISC_FILE                           ; ipcore/FFT/fft-library/auk_dspip_r22sdf_bfi_fft_131.vhd                           ; --            ; --          ; --         ;
; MISC_FILE                           ; ipcore/FFT/fft-library/auk_dspip_r22sdf_bf_control_fft_131.vhd                    ; --            ; --          ; --         ;
; MISC_FILE                           ; ipcore/FFT/fft-library/auk_dspip_r22sdf_cma_adder_fp_fft_131.vhd                  ; --            ; --          ; --         ;
; MISC_FILE                           ; ipcore/FFT/fft-library/auk_dspip_r22sdf_cma_bfi_fp_fft_131.vhd                    ; --            ; --          ; --         ;
; MISC_FILE                           ; ipcore/FFT/fft-library/auk_dspip_r22sdf_cma_fft_131.vhd                           ; --            ; --          ; --         ;
; MISC_FILE                           ; ipcore/FFT/fft-library/auk_dspip_r22sdf_core_fft_131.vhd                          ; --            ; --          ; --         ;
; MISC_FILE                           ; ipcore/FFT/fft-library/auk_dspip_r22sdf_counter_fft_131.vhd                       ; --            ; --          ; --         ;
; MISC_FILE                           ; ipcore/FFT/fft-library/auk_dspip_r22sdf_delay_fft_131.vhd                         ; --            ; --          ; --         ;
; MISC_FILE                           ; ipcore/FFT/fft-library/auk_dspip_r22sdf_enable_control_fft_131.vhd                ; --            ; --          ; --         ;
; MISC_FILE                           ; ipcore/FFT/fft-library/auk_dspip_r22sdf_lib_pkg_fft_131.vhd                       ; --            ; --          ; --         ;
; MISC_FILE                           ; ipcore/FFT/fft-library/auk_dspip_r22sdf_stage_fft_131.vhd                         ; --            ; --          ; --         ;
; MISC_FILE                           ; ipcore/FFT/fft-library/auk_dspip_r22sdf_stg_out_pipe_fft_131.vhd                  ; --            ; --          ; --         ;
; MISC_FILE                           ; ipcore/FFT/fft-library/auk_dspip_r22sdf_stg_pipe_fft_131.vhd                      ; --            ; --          ; --         ;
; MISC_FILE                           ; ipcore/FFT/fft-library/auk_dspip_r22sdf_top_fft_131.vhd                           ; --            ; --          ; --         ;
; MISC_FILE                           ; ipcore/FFT/fft-library/auk_dspip_r22sdf_twrom_fft_131.vhd                         ; --            ; --          ; --         ;
; MISC_FILE                           ; ipcore/FFT/fft-library/auk_dspip_roundsat_fft_131.vhd                             ; --            ; --          ; --         ;
; MISC_FILE                           ; ipcore/FFT/fft-library/auk_dspip_text_pkg_fft_131.vhd                             ; --            ; --          ; --         ;
; MISC_FILE                           ; ipcore/FFT/fft-library/fft_pack_fft_131.vhd                                       ; --            ; --          ; --         ;
; MISC_FILE                           ; ipcore/FFT/fft-library/twid_rom_fft_131.vhd                                       ; --            ; --          ; --         ;
; MISC_FILE                           ; ipcore/FFT/FFT.vo                                                                 ; --            ; --          ; --         ;
; MISC_FILE                           ; ipcore/FFT/FFT_tb.v                                                               ; --            ; --          ; --         ;
; MISC_FILE                           ; ipcore/FFT/FFT_model.m                                                            ; --            ; --          ; --         ;
; MISC_FILE                           ; ipcore/FFT/FFT_tb.m                                                               ; --            ; --          ; --         ;
; MISC_FILE                           ; ipcore/FFT/FFT_nativelink.tcl                                                     ; --            ; --          ; --         ;
; MISC_FILE                           ; ipcore/FFT/FFT_real_input.txt                                                     ; --            ; --          ; --         ;
; MISC_FILE                           ; ipcore/FFT/FFT_imag_input.txt                                                     ; --            ; --          ; --         ;
; MISC_FILE                           ; ipcore/FFT/FFT_1n128sin.hex                                                       ; --            ; --          ; --         ;
; MISC_FILE                           ; ipcore/FFT/FFT_2n128sin.hex                                                       ; --            ; --          ; --         ;
; MISC_FILE                           ; ipcore/FFT/FFT_3n128sin.hex                                                       ; --            ; --          ; --         ;
; MISC_FILE                           ; ipcore/FFT/FFT_1n128cos.hex                                                       ; --            ; --          ; --         ;
; MISC_FILE                           ; ipcore/FFT/FFT_2n128cos.hex                                                       ; --            ; --          ; --         ;
; MISC_FILE                           ; ipcore/FFT/FFT_3n128cos.hex                                                       ; --            ; --          ; --         ;
; MISC_FILE                           ; ipcore/FFT/FFT.v                                                                  ; --            ; --          ; --         ;
; MISC_FILE                           ; ipcore/FFT/FFT_bb.v                                                               ; --            ; --          ; --         ;
; MISC_FILE                           ; ipcore/FFT/FFT.bsf                                                                ; --            ; --          ; --         ;
; MISC_FILE                           ; ipcore/FFT/FFT.qip                                                                ; --            ; --          ; --         ;
; MISC_FILE                           ; ipcore/FFT/FFT.html                                                               ; --            ; --          ; --         ;
; MISC_FILE                           ; ipcore/audio_in_fifo_inst.v                                                       ; --            ; --          ; --         ;
; MISC_FILE                           ; ipcore/FFT_LCD_FIFO_inst.v                                                        ; --            ; --          ; --         ;
; NOMINAL_CORE_SUPPLY_VOLTAGE         ; 1.2V                                                                              ; --            ; --          ; --         ;
; PARTITION_COLOR                     ; 16764057                                                                          ; --            ; --          ; Top        ;
; PARTITION_FITTER_PRESERVATION_LEVEL ; PLACEMENT_AND_ROUTING                                                             ; --            ; --          ; Top        ;
; PARTITION_NETLIST_TYPE              ; SOURCE                                                                            ; --            ; --          ; Top        ;
; POWER_BOARD_THERMAL_MODEL           ; None (CONSERVATIVE)                                                               ; --            ; --          ; --         ;
; POWER_PRESET_COOLING_SOLUTION       ; 23 MM HEAT SINK WITH 200 LFPM AIRFLOW                                             ; --            ; --          ; --         ;
; PROJECT_OUTPUT_DIRECTORY            ; output_files                                                                      ; --            ; --          ; --         ;
; SEARCH_PATH                         ; ipcore/FFT/.                                                                      ; --            ; --          ; --         ;
; SEARCH_PATH                         ; ipcore/FFT/fft-library                                                            ; --            ; --          ; --         ;
; USE_SIGNALTAP_FILE                  ; output_files/stp1.stp                                                             ; --            ; --          ; --         ;
+-------------------------------------+-----------------------------------------------------------------------------------+---------------+-------------+------------+


+-------------------------------------------------------------------------------------------------------------------------------+
; Flow Elapsed Time                                                                                                             ;
+---------------------------+--------------+-------------------------+---------------------+------------------------------------+
; Module Name               ; Elapsed Time ; Average Processors Used ; Peak Virtual Memory ; Total CPU Time (on all processors) ;
+---------------------------+--------------+-------------------------+---------------------+------------------------------------+
; Analysis & Synthesis      ; 00:00:21     ; 1.0                     ; 664 MB              ; 00:00:21                           ;
; Fitter                    ; 00:00:30     ; 1.7                     ; 1213 MB             ; 00:00:39                           ;
; Assembler                 ; 00:00:01     ; 1.0                     ; 455 MB              ; 00:00:02                           ;
; TimeQuest Timing Analyzer ; 00:00:05     ; 1.0                     ; 591 MB              ; 00:00:06                           ;
; Total                     ; 00:00:57     ; --                      ; --                  ; 00:01:08                           ;
+---------------------------+--------------+-------------------------+---------------------+------------------------------------+


+----------------------------------------------------------------------------------------+
; Flow OS Summary                                                                        ;
+---------------------------+------------------+-----------+------------+----------------+
; Module Name               ; Machine Hostname ; OS Name   ; OS Version ; Processor type ;
+---------------------------+------------------+-----------+------------+----------------+
; Analysis & Synthesis      ; USER-20180403QA  ; Windows 7 ; 6.1        ; x86_64         ;
; Fitter                    ; USER-20180403QA  ; Windows 7 ; 6.1        ; x86_64         ;
; Assembler                 ; USER-20180403QA  ; Windows 7 ; 6.1        ; x86_64         ;
; TimeQuest Timing Analyzer ; USER-20180403QA  ; Windows 7 ; 6.1        ; x86_64         ;
+---------------------------+------------------+-----------+------------+----------------+


------------
; Flow Log ;
------------
quartus_map --read_settings_files=on --write_settings_files=off FFT_audio_lcd -c FFT_audio_lcd
quartus_fit --read_settings_files=off --write_settings_files=off FFT_audio_lcd -c FFT_audio_lcd
quartus_asm --read_settings_files=off --write_settings_files=off FFT_audio_lcd -c FFT_audio_lcd
quartus_sta FFT_audio_lcd -c FFT_audio_lcd



