Analysis & Synthesis report for dht11_seg
Wed May 15 15:38:43 2019
Quartus II 64-Bit Version 13.1.0 Build 162 10/23/2013 SJ Full Version


---------------------
; Table of Contents ;
---------------------
  1. Legal Notice
  2. Analysis & Synthesis Summary
  3. Analysis & Synthesis Settings
  4. Parallel Compilation
  5. Analysis & Synthesis Source Files Read
  6. Analysis & Synthesis Resource Usage Summary
  7. Analysis & Synthesis Resource Utilization by Entity
  8. State Machine - |top_dht11|dht11_drive:u_dht11_drive|next_state
  9. State Machine - |top_dht11|dht11_drive:u_dht11_drive|cur_state
 10. Registers Removed During Synthesis
 11. General Register Statistics
 12. Inverted Register Statistics
 13. Multiplexer Restructuring Statistics (Restructuring Performed)
 14. Parameter Settings for User Entity Instance: dht11_drive:u_dht11_drive
 15. Parameter Settings for Inferred Entity Instance: seg_led:u_seg_led|lpm_divide:Div1
 16. Parameter Settings for Inferred Entity Instance: seg_led:u_seg_led|lpm_divide:Mod2
 17. Parameter Settings for Inferred Entity Instance: seg_led:u_seg_led|lpm_divide:Div0
 18. Parameter Settings for Inferred Entity Instance: seg_led:u_seg_led|lpm_divide:Mod1
 19. Parameter Settings for Inferred Entity Instance: seg_led:u_seg_led|lpm_divide:Mod0
 20. Parameter Settings for Inferred Entity Instance: seg_led:u_seg_led|lpm_divide:Div2
 21. Parameter Settings for Inferred Entity Instance: seg_led:u_seg_led|lpm_divide:Mod3
 22. Parameter Settings for Inferred Entity Instance: seg_led:u_seg_led|lpm_divide:Div3
 23. Parameter Settings for Inferred Entity Instance: seg_led:u_seg_led|lpm_divide:Mod4
 24. Parameter Settings for Inferred Entity Instance: dht11_key:u_dht11_key|lpm_mult:Mult0
 25. lpm_mult Parameter Settings by Entity Instance
 26. Port Connectivity Checks: "dht11_key:u_dht11_key"
 27. Elapsed Time Per Partition
 28. Analysis & Synthesis Messages



----------------
; Legal Notice ;
----------------
Copyright (C) 1991-2013 Altera Corporation
Your use of Altera Corporation's design tools, logic functions 
and other software and tools, and its AMPP partner logic 
functions, and any output files from any of the foregoing 
(including device programming or simulation files), and any 
associated documentation or information are expressly subject 
to the terms and conditions of the Altera Program License 
Subscription Agreement, Altera MegaCore Function License 
Agreement, or other applicable license agreement, including, 
without limitation, that your use is for the sole purpose of 
programming logic devices manufactured by Altera and sold by 
Altera or its authorized distributors.  Please refer to the 
applicable agreement for further details.



+----------------------------------------------------------------------------------+
; Analysis & Synthesis Summary                                                     ;
+------------------------------------+---------------------------------------------+
; Analysis & Synthesis Status        ; Successful - Wed May 15 15:38:42 2019       ;
; Quartus II 64-Bit Version          ; 13.1.0 Build 162 10/23/2013 SJ Full Version ;
; Revision Name                      ; dht11_seg                                   ;
; Top-level Entity Name              ; top_dht11                                   ;
; Family                             ; Cyclone IV E                                ;
; Total logic elements               ; 1,435                                       ;
;     Total combinational functions  ; 1,392                                       ;
;     Dedicated logic registers      ; 239                                         ;
; Total registers                    ; 239                                         ;
; Total pins                         ; 18                                          ;
; Total virtual pins                 ; 0                                           ;
; Total memory bits                  ; 0                                           ;
; Embedded Multiplier 9-bit elements ; 0                                           ;
; Total PLLs                         ; 0                                           ;
+------------------------------------+---------------------------------------------+


+----------------------------------------------------------------------------------------------------------------------+
; Analysis & Synthesis Settings                                                                                        ;
+----------------------------------------------------------------------------+--------------------+--------------------+
; Option                                                                     ; Setting            ; Default Value      ;
+----------------------------------------------------------------------------+--------------------+--------------------+
; Device                                                                     ; EP4CE10F17C8       ;                    ;
; Top-level entity name                                                      ; top_dht11          ; dht11_seg          ;
; Family name                                                                ; Cyclone IV E       ; Cyclone IV GX      ;
; Use smart compilation                                                      ; Off                ; Off                ;
; Enable parallel Assembler and TimeQuest Timing Analyzer during compilation ; On                 ; On                 ;
; Enable compact report table                                                ; Off                ; Off                ;
; Restructure Multiplexers                                                   ; Auto               ; Auto               ;
; Create Debugging Nodes for IP Cores                                        ; Off                ; Off                ;
; Preserve fewer node names                                                  ; On                 ; On                 ;
; Disable OpenCore Plus hardware evaluation                                  ; Off                ; Off                ;
; Verilog Version                                                            ; Verilog_2001       ; Verilog_2001       ;
; VHDL Version                                                               ; VHDL_1993          ; VHDL_1993          ;
; State Machine Processing                                                   ; Auto               ; Auto               ;
; Safe State Machine                                                         ; Off                ; Off                ;
; Extract Verilog State Machines                                             ; On                 ; On                 ;
; Extract VHDL State Machines                                                ; On                 ; On                 ;
; Ignore Verilog initial constructs                                          ; Off                ; Off                ;
; Iteration limit for constant Verilog loops                                 ; 5000               ; 5000               ;
; Iteration limit for non-constant Verilog loops                             ; 250                ; 250                ;
; Add Pass-Through Logic to Inferred RAMs                                    ; On                 ; On                 ;
; Infer RAMs from Raw Logic                                                  ; On                 ; On                 ;
; Parallel Synthesis                                                         ; On                 ; On                 ;
; DSP Block Balancing                                                        ; Auto               ; Auto               ;
; NOT Gate Push-Back                                                         ; On                 ; On                 ;
; Power-Up Don't Care                                                        ; On                 ; On                 ;
; Remove Redundant Logic Cells                                               ; Off                ; Off                ;
; Remove Duplicate Registers                                                 ; On                 ; On                 ;
; Ignore CARRY Buffers                                                       ; Off                ; Off                ;
; Ignore CASCADE Buffers                                                     ; Off                ; Off                ;
; Ignore GLOBAL Buffers                                                      ; Off                ; Off                ;
; Ignore ROW GLOBAL Buffers                                                  ; Off                ; Off                ;
; Ignore LCELL Buffers                                                       ; Off                ; Off                ;
; Ignore SOFT Buffers                                                        ; On                 ; On                 ;
; Limit AHDL Integers to 32 Bits                                             ; Off                ; Off                ;
; Optimization Technique                                                     ; Balanced           ; Balanced           ;
; Carry Chain Length                                                         ; 70                 ; 70                 ;
; Auto Carry Chains                                                          ; On                 ; On                 ;
; Auto Open-Drain Pins                                                       ; On                 ; On                 ;
; Perform WYSIWYG Primitive Resynthesis                                      ; Off                ; Off                ;
; Auto ROM Replacement                                                       ; On                 ; On                 ;
; Auto RAM Replacement                                                       ; On                 ; On                 ;
; Auto DSP Block Replacement                                                 ; On                 ; On                 ;
; Auto Shift Register Replacement                                            ; Auto               ; Auto               ;
; Allow Shift Register Merging across Hierarchies                            ; Auto               ; Auto               ;
; Auto Clock Enable Replacement                                              ; On                 ; On                 ;
; Strict RAM Replacement                                                     ; Off                ; Off                ;
; Allow Synchronous Control Signals                                          ; On                 ; On                 ;
; Force Use of Synchronous Clear Signals                                     ; Off                ; Off                ;
; Auto RAM Block Balancing                                                   ; On                 ; On                 ;
; Auto RAM to Logic Cell Conversion                                          ; Off                ; Off                ;
; Auto Resource Sharing                                                      ; Off                ; Off                ;
; Allow Any RAM Size For Recognition                                         ; Off                ; Off                ;
; Allow Any ROM Size For Recognition                                         ; Off                ; Off                ;
; Allow Any Shift Register Size For Recognition                              ; Off                ; Off                ;
; Use LogicLock Constraints during Resource Balancing                        ; On                 ; On                 ;
; Ignore translate_off and synthesis_off directives                          ; Off                ; Off                ;
; Timing-Driven Synthesis                                                    ; On                 ; On                 ;
; Report Parameter Settings                                                  ; On                 ; On                 ;
; Report Source Assignments                                                  ; On                 ; On                 ;
; Report Connectivity Checks                                                 ; On                 ; On                 ;
; Ignore Maximum Fan-Out Assignments                                         ; Off                ; Off                ;
; Synchronization Register Chain Length                                      ; 2                  ; 2                  ;
; PowerPlay Power Optimization                                               ; Normal compilation ; Normal compilation ;
; HDL message level                                                          ; Level2             ; Level2             ;
; Suppress Register Optimization Related Messages                            ; Off                ; Off                ;
; Number of Removed Registers Reported in Synthesis Report                   ; 5000               ; 5000               ;
; Number of Swept Nodes Reported in Synthesis Report                         ; 5000               ; 5000               ;
; Number of Inverted Registers Reported in Synthesis Report                  ; 100                ; 100                ;
; Clock MUX Protection                                                       ; On                 ; On                 ;
; Auto Gated Clock Conversion                                                ; Off                ; Off                ;
; Block Design Naming                                                        ; Auto               ; Auto               ;
; SDC constraint protection                                                  ; Off                ; Off                ;
; Synthesis Effort                                                           ; Auto               ; Auto               ;
; Shift Register Replacement - Allow Asynchronous Clear Signal               ; On                 ; On                 ;
; Pre-Mapping Resynthesis Optimization                                       ; Off                ; Off                ;
; Analysis & Synthesis Message Level                                         ; Medium             ; Medium             ;
; Disable Register Merging Across Hierarchies                                ; Auto               ; Auto               ;
; Resource Aware Inference For Block RAM                                     ; On                 ; On                 ;
; Synthesis Seed                                                             ; 1                  ; 1                  ;
+----------------------------------------------------------------------------+--------------------+--------------------+


+------------------------------------------+
; Parallel Compilation                     ;
+----------------------------+-------------+
; Processors                 ; Number      ;
+----------------------------+-------------+
; Number detected on machine ; 4           ;
; Maximum allowed            ; 4           ;
;                            ;             ;
; Average used               ; 1.00        ;
; Maximum used               ; 4           ;
;                            ;             ;
; Usage by Processor         ; % Time Used ;
;     Processor 1            ; 100.0%      ;
;     Processors 2-4         ; < 0.1%      ;
+----------------------------+-------------+


+----------------------------------------------------------------------------------------------------------------------------------------------------------------------+
; Analysis & Synthesis Source Files Read                                                                                                                               ;
+----------------------------------+-----------------+------------------------------+------------------------------------------------------------------------+---------+
; File Name with User-Entered Path ; Used in Netlist ; File Type                    ; File Name with Absolute Path                                           ; Library ;
+----------------------------------+-----------------+------------------------------+------------------------------------------------------------------------+---------+
; ../rtl/dht11_drive.v             ; yes             ; User Verilog HDL File        ; E:/SMG_TEST/20_top_dht11/rtl/dht11_drive.v                             ;         ;
; ../rtl/seg_led.v                 ; yes             ; User Verilog HDL File        ; E:/SMG_TEST/20_top_dht11/rtl/seg_led.v                                 ;         ;
; ../rtl/dht11_key.v               ; yes             ; User Verilog HDL File        ; E:/SMG_TEST/20_top_dht11/rtl/dht11_key.v                               ;         ;
; ../rtl/key_debounce.v            ; yes             ; User Verilog HDL File        ; E:/SMG_TEST/20_top_dht11/rtl/key_debounce.v                            ;         ;
; ../rtl/top_dht11.v               ; yes             ; User Verilog HDL File        ; E:/SMG_TEST/20_top_dht11/rtl/top_dht11.v                               ;         ;
; lpm_divide.tdf                   ; yes             ; Megafunction                 ; d:/altera/13.1/quartus/libraries/megafunctions/lpm_divide.tdf          ;         ;
; abs_divider.inc                  ; yes             ; Megafunction                 ; d:/altera/13.1/quartus/libraries/megafunctions/abs_divider.inc         ;         ;
; sign_div_unsign.inc              ; yes             ; Megafunction                 ; d:/altera/13.1/quartus/libraries/megafunctions/sign_div_unsign.inc     ;         ;
; aglobal131.inc                   ; yes             ; Megafunction                 ; d:/altera/13.1/quartus/libraries/megafunctions/aglobal131.inc          ;         ;
; db/lpm_divide_0jm.tdf            ; yes             ; Auto-Generated Megafunction  ; E:/SMG_TEST/20_top_dht11/par/db/lpm_divide_0jm.tdf                     ;         ;
; db/sign_div_unsign_olh.tdf       ; yes             ; Auto-Generated Megafunction  ; E:/SMG_TEST/20_top_dht11/par/db/sign_div_unsign_olh.tdf                ;         ;
; db/alt_u_div_47f.tdf             ; yes             ; Auto-Generated Megafunction  ; E:/SMG_TEST/20_top_dht11/par/db/alt_u_div_47f.tdf                      ;         ;
; db/add_sub_7pc.tdf               ; yes             ; Auto-Generated Megafunction  ; E:/SMG_TEST/20_top_dht11/par/db/add_sub_7pc.tdf                        ;         ;
; db/add_sub_8pc.tdf               ; yes             ; Auto-Generated Megafunction  ; E:/SMG_TEST/20_top_dht11/par/db/add_sub_8pc.tdf                        ;         ;
; db/lpm_divide_0bm.tdf            ; yes             ; Auto-Generated Megafunction  ; E:/SMG_TEST/20_top_dht11/par/db/lpm_divide_0bm.tdf                     ;         ;
; db/sign_div_unsign_llh.tdf       ; yes             ; Auto-Generated Megafunction  ; E:/SMG_TEST/20_top_dht11/par/db/sign_div_unsign_llh.tdf                ;         ;
; db/alt_u_div_u6f.tdf             ; yes             ; Auto-Generated Megafunction  ; E:/SMG_TEST/20_top_dht11/par/db/alt_u_div_u6f.tdf                      ;         ;
; db/lpm_divide_tim.tdf            ; yes             ; Auto-Generated Megafunction  ; E:/SMG_TEST/20_top_dht11/par/db/lpm_divide_tim.tdf                     ;         ;
; db/lpm_divide_akm.tdf            ; yes             ; Auto-Generated Megafunction  ; E:/SMG_TEST/20_top_dht11/par/db/lpm_divide_akm.tdf                     ;         ;
; db/sign_div_unsign_2nh.tdf       ; yes             ; Auto-Generated Megafunction  ; E:/SMG_TEST/20_top_dht11/par/db/sign_div_unsign_2nh.tdf                ;         ;
; db/alt_u_div_o9f.tdf             ; yes             ; Auto-Generated Megafunction  ; E:/SMG_TEST/20_top_dht11/par/db/alt_u_div_o9f.tdf                      ;         ;
; db/lpm_divide_ekm.tdf            ; yes             ; Auto-Generated Megafunction  ; E:/SMG_TEST/20_top_dht11/par/db/lpm_divide_ekm.tdf                     ;         ;
; db/sign_div_unsign_6nh.tdf       ; yes             ; Auto-Generated Megafunction  ; E:/SMG_TEST/20_top_dht11/par/db/sign_div_unsign_6nh.tdf                ;         ;
; db/alt_u_div_0af.tdf             ; yes             ; Auto-Generated Megafunction  ; E:/SMG_TEST/20_top_dht11/par/db/alt_u_div_0af.tdf                      ;         ;
; lpm_mult.tdf                     ; yes             ; Megafunction                 ; d:/altera/13.1/quartus/libraries/megafunctions/lpm_mult.tdf            ;         ;
; lpm_add_sub.inc                  ; yes             ; Megafunction                 ; d:/altera/13.1/quartus/libraries/megafunctions/lpm_add_sub.inc         ;         ;
; multcore.inc                     ; yes             ; Megafunction                 ; d:/altera/13.1/quartus/libraries/megafunctions/multcore.inc            ;         ;
; bypassff.inc                     ; yes             ; Megafunction                 ; d:/altera/13.1/quartus/libraries/megafunctions/bypassff.inc            ;         ;
; altshift.inc                     ; yes             ; Megafunction                 ; d:/altera/13.1/quartus/libraries/megafunctions/altshift.inc            ;         ;
; multcore.tdf                     ; yes             ; Megafunction                 ; d:/altera/13.1/quartus/libraries/megafunctions/multcore.tdf            ;         ;
; csa_add.inc                      ; yes             ; Megafunction                 ; d:/altera/13.1/quartus/libraries/megafunctions/csa_add.inc             ;         ;
; mpar_add.inc                     ; yes             ; Megafunction                 ; d:/altera/13.1/quartus/libraries/megafunctions/mpar_add.inc            ;         ;
; muleabz.inc                      ; yes             ; Megafunction                 ; d:/altera/13.1/quartus/libraries/megafunctions/muleabz.inc             ;         ;
; mul_lfrg.inc                     ; yes             ; Megafunction                 ; d:/altera/13.1/quartus/libraries/megafunctions/mul_lfrg.inc            ;         ;
; mul_boothc.inc                   ; yes             ; Megafunction                 ; d:/altera/13.1/quartus/libraries/megafunctions/mul_boothc.inc          ;         ;
; alt_ded_mult.inc                 ; yes             ; Megafunction                 ; d:/altera/13.1/quartus/libraries/megafunctions/alt_ded_mult.inc        ;         ;
; alt_ded_mult_y.inc               ; yes             ; Megafunction                 ; d:/altera/13.1/quartus/libraries/megafunctions/alt_ded_mult_y.inc      ;         ;
; dffpipe.inc                      ; yes             ; Megafunction                 ; d:/altera/13.1/quartus/libraries/megafunctions/dffpipe.inc             ;         ;
; mpar_add.tdf                     ; yes             ; Megafunction                 ; d:/altera/13.1/quartus/libraries/megafunctions/mpar_add.tdf            ;         ;
; lpm_add_sub.tdf                  ; yes             ; Megafunction                 ; d:/altera/13.1/quartus/libraries/megafunctions/lpm_add_sub.tdf         ;         ;
; addcore.inc                      ; yes             ; Megafunction                 ; d:/altera/13.1/quartus/libraries/megafunctions/addcore.inc             ;         ;
; look_add.inc                     ; yes             ; Megafunction                 ; d:/altera/13.1/quartus/libraries/megafunctions/look_add.inc            ;         ;
; alt_stratix_add_sub.inc          ; yes             ; Megafunction                 ; d:/altera/13.1/quartus/libraries/megafunctions/alt_stratix_add_sub.inc ;         ;
; db/add_sub_kgh.tdf               ; yes             ; Auto-Generated Megafunction  ; E:/SMG_TEST/20_top_dht11/par/db/add_sub_kgh.tdf                        ;         ;
; altshift.tdf                     ; yes             ; Megafunction                 ; d:/altera/13.1/quartus/libraries/megafunctions/altshift.tdf            ;         ;
+----------------------------------+-----------------+------------------------------+------------------------------------------------------------------------+---------+


+---------------------------------------------------------------+
; Analysis & Synthesis Resource Usage Summary                   ;
+---------------------------------------------+-----------------+
; Resource                                    ; Usage           ;
+---------------------------------------------+-----------------+
; Estimated Total logic elements              ; 1,435           ;
;                                             ;                 ;
; Total combinational functions               ; 1392            ;
; Logic element usage by number of LUT inputs ;                 ;
;     -- 4 input functions                    ; 278             ;
;     -- 3 input functions                    ; 382             ;
;     -- <=2 input functions                  ; 732             ;
;                                             ;                 ;
; Logic elements by mode                      ;                 ;
;     -- normal mode                          ; 937             ;
;     -- arithmetic mode                      ; 455             ;
;                                             ;                 ;
; Total registers                             ; 239             ;
;     -- Dedicated logic registers            ; 239             ;
;     -- I/O registers                        ; 0               ;
;                                             ;                 ;
; I/O pins                                    ; 18              ;
; Embedded Multiplier 9-bit elements          ; 0               ;
; Maximum fan-out node                        ; sys_rst_n~input ;
; Maximum fan-out                             ; 208             ;
; Total fan-out                               ; 4494            ;
; Average fan-out                             ; 2.69            ;
+---------------------------------------------+-----------------+


+----------------------------------------------------------------------------------------------------------------------------------------------------------------------------------------------------------------------------------------------------------------------------------------------------------------+
; Analysis & Synthesis Resource Utilization by Entity                                                                                                                                                                                                                                                            ;
+------------------------------------------------+-------------------+--------------+-------------+--------------+---------+-----------+------+--------------+------------------------------------------------------------------------------------------------------------------------------------+--------------+
; Compilation Hierarchy Node                     ; LC Combinationals ; LC Registers ; Memory Bits ; DSP Elements ; DSP 9x9 ; DSP 18x18 ; Pins ; Virtual Pins ; Full Hierarchy Name                                                                                                                ; Library Name ;
+------------------------------------------------+-------------------+--------------+-------------+--------------+---------+-----------+------+--------------+------------------------------------------------------------------------------------------------------------------------------------+--------------+
; |top_dht11                                     ; 1392 (1)          ; 239 (0)      ; 0           ; 0            ; 0       ; 0         ; 18   ; 0            ; |top_dht11                                                                                                                         ; work         ;
;    |dht11_drive:u_dht11_drive|                 ; 162 (162)         ; 124 (124)    ; 0           ; 0            ; 0       ; 0         ; 0    ; 0            ; |top_dht11|dht11_drive:u_dht11_drive                                                                                               ; work         ;
;    |dht11_key:u_dht11_key|                     ; 62 (41)           ; 18 (18)      ; 0           ; 0            ; 0       ; 0         ; 0    ; 0            ; |top_dht11|dht11_key:u_dht11_key                                                                                                   ; work         ;
;       |lpm_mult:Mult0|                         ; 21 (0)            ; 0 (0)        ; 0           ; 0            ; 0       ; 0         ; 0    ; 0            ; |top_dht11|dht11_key:u_dht11_key|lpm_mult:Mult0                                                                                    ; work         ;
;          |multcore:mult_core|                  ; 21 (12)           ; 0 (0)        ; 0           ; 0            ; 0       ; 0         ; 0    ; 0            ; |top_dht11|dht11_key:u_dht11_key|lpm_mult:Mult0|multcore:mult_core                                                                 ; work         ;
;             |mpar_add:padder|                  ; 9 (0)             ; 0 (0)        ; 0           ; 0            ; 0       ; 0         ; 0    ; 0            ; |top_dht11|dht11_key:u_dht11_key|lpm_mult:Mult0|multcore:mult_core|mpar_add:padder                                                 ; work         ;
;                |lpm_add_sub:adder[0]|          ; 9 (0)             ; 0 (0)        ; 0           ; 0            ; 0       ; 0         ; 0    ; 0            ; |top_dht11|dht11_key:u_dht11_key|lpm_mult:Mult0|multcore:mult_core|mpar_add:padder|lpm_add_sub:adder[0]                            ; work         ;
;                   |add_sub_kgh:auto_generated| ; 9 (9)             ; 0 (0)        ; 0           ; 0            ; 0       ; 0         ; 0    ; 0            ; |top_dht11|dht11_key:u_dht11_key|lpm_mult:Mult0|multcore:mult_core|mpar_add:padder|lpm_add_sub:adder[0]|add_sub_kgh:auto_generated ; work         ;
;    |key_debounce:u_key_debounce|               ; 47 (47)           ; 35 (35)      ; 0           ; 0            ; 0       ; 0         ; 0    ; 0            ; |top_dht11|key_debounce:u_key_debounce                                                                                             ; work         ;
;    |seg_led:u_seg_led|                         ; 1120 (66)         ; 62 (62)      ; 0           ; 0            ; 0       ; 0         ; 0    ; 0            ; |top_dht11|seg_led:u_seg_led                                                                                                       ; work         ;
;       |lpm_divide:Div0|                        ; 148 (0)           ; 0 (0)        ; 0           ; 0            ; 0       ; 0         ; 0    ; 0            ; |top_dht11|seg_led:u_seg_led|lpm_divide:Div0                                                                                       ; work         ;
;          |lpm_divide_tim:auto_generated|       ; 148 (0)           ; 0 (0)        ; 0           ; 0            ; 0       ; 0         ; 0    ; 0            ; |top_dht11|seg_led:u_seg_led|lpm_divide:Div0|lpm_divide_tim:auto_generated                                                         ; work         ;
;             |sign_div_unsign_llh:divider|      ; 148 (0)           ; 0 (0)        ; 0           ; 0            ; 0       ; 0         ; 0    ; 0            ; |top_dht11|seg_led:u_seg_led|lpm_divide:Div0|lpm_divide_tim:auto_generated|sign_div_unsign_llh:divider                             ; work         ;
;                |alt_u_div_u6f:divider|         ; 148 (148)         ; 0 (0)        ; 0           ; 0            ; 0       ; 0         ; 0    ; 0            ; |top_dht11|seg_led:u_seg_led|lpm_divide:Div0|lpm_divide_tim:auto_generated|sign_div_unsign_llh:divider|alt_u_div_u6f:divider       ; work         ;
;       |lpm_divide:Div1|                        ; 202 (0)           ; 0 (0)        ; 0           ; 0            ; 0       ; 0         ; 0    ; 0            ; |top_dht11|seg_led:u_seg_led|lpm_divide:Div1                                                                                       ; work         ;
;          |lpm_divide_0jm:auto_generated|       ; 202 (0)           ; 0 (0)        ; 0           ; 0            ; 0       ; 0         ; 0    ; 0            ; |top_dht11|seg_led:u_seg_led|lpm_divide:Div1|lpm_divide_0jm:auto_generated                                                         ; work         ;
;             |sign_div_unsign_olh:divider|      ; 202 (0)           ; 0 (0)        ; 0           ; 0            ; 0       ; 0         ; 0    ; 0            ; |top_dht11|seg_led:u_seg_led|lpm_divide:Div1|lpm_divide_0jm:auto_generated|sign_div_unsign_olh:divider                             ; work         ;
;                |alt_u_div_47f:divider|         ; 202 (202)         ; 0 (0)        ; 0           ; 0            ; 0       ; 0         ; 0    ; 0            ; |top_dht11|seg_led:u_seg_led|lpm_divide:Div1|lpm_divide_0jm:auto_generated|sign_div_unsign_olh:divider|alt_u_div_47f:divider       ; work         ;
;       |lpm_divide:Div2|                        ; 186 (0)           ; 0 (0)        ; 0           ; 0            ; 0       ; 0         ; 0    ; 0            ; |top_dht11|seg_led:u_seg_led|lpm_divide:Div2                                                                                       ; work         ;
;          |lpm_divide_akm:auto_generated|       ; 186 (0)           ; 0 (0)        ; 0           ; 0            ; 0       ; 0         ; 0    ; 0            ; |top_dht11|seg_led:u_seg_led|lpm_divide:Div2|lpm_divide_akm:auto_generated                                                         ; work         ;
;             |sign_div_unsign_2nh:divider|      ; 186 (0)           ; 0 (0)        ; 0           ; 0            ; 0       ; 0         ; 0    ; 0            ; |top_dht11|seg_led:u_seg_led|lpm_divide:Div2|lpm_divide_akm:auto_generated|sign_div_unsign_2nh:divider                             ; work         ;
;                |alt_u_div_o9f:divider|         ; 186 (186)         ; 0 (0)        ; 0           ; 0            ; 0       ; 0         ; 0    ; 0            ; |top_dht11|seg_led:u_seg_led|lpm_divide:Div2|lpm_divide_akm:auto_generated|sign_div_unsign_2nh:divider|alt_u_div_o9f:divider       ; work         ;
;       |lpm_divide:Div3|                        ; 83 (0)            ; 0 (0)        ; 0           ; 0            ; 0       ; 0         ; 0    ; 0            ; |top_dht11|seg_led:u_seg_led|lpm_divide:Div3                                                                                       ; work         ;
;          |lpm_divide_ekm:auto_generated|       ; 83 (0)            ; 0 (0)        ; 0           ; 0            ; 0       ; 0         ; 0    ; 0            ; |top_dht11|seg_led:u_seg_led|lpm_divide:Div3|lpm_divide_ekm:auto_generated                                                         ; work         ;
;             |sign_div_unsign_6nh:divider|      ; 83 (0)            ; 0 (0)        ; 0           ; 0            ; 0       ; 0         ; 0    ; 0            ; |top_dht11|seg_led:u_seg_led|lpm_divide:Div3|lpm_divide_ekm:auto_generated|sign_div_unsign_6nh:divider                             ; work         ;
;                |alt_u_div_0af:divider|         ; 83 (83)           ; 0 (0)        ; 0           ; 0            ; 0       ; 0         ; 0    ; 0            ; |top_dht11|seg_led:u_seg_led|lpm_divide:Div3|lpm_divide_ekm:auto_generated|sign_div_unsign_6nh:divider|alt_u_div_0af:divider       ; work         ;
;       |lpm_divide:Mod0|                        ; 164 (0)           ; 0 (0)        ; 0           ; 0            ; 0       ; 0         ; 0    ; 0            ; |top_dht11|seg_led:u_seg_led|lpm_divide:Mod0                                                                                       ; work         ;
;          |lpm_divide_0bm:auto_generated|       ; 164 (0)           ; 0 (0)        ; 0           ; 0            ; 0       ; 0         ; 0    ; 0            ; |top_dht11|seg_led:u_seg_led|lpm_divide:Mod0|lpm_divide_0bm:auto_generated                                                         ; work         ;
;             |sign_div_unsign_llh:divider|      ; 164 (0)           ; 0 (0)        ; 0           ; 0            ; 0       ; 0         ; 0    ; 0            ; |top_dht11|seg_led:u_seg_led|lpm_divide:Mod0|lpm_divide_0bm:auto_generated|sign_div_unsign_llh:divider                             ; work         ;
;                |alt_u_div_u6f:divider|         ; 164 (164)         ; 0 (0)        ; 0           ; 0            ; 0       ; 0         ; 0    ; 0            ; |top_dht11|seg_led:u_seg_led|lpm_divide:Mod0|lpm_divide_0bm:auto_generated|sign_div_unsign_llh:divider|alt_u_div_u6f:divider       ; work         ;
;       |lpm_divide:Mod1|                        ; 125 (0)           ; 0 (0)        ; 0           ; 0            ; 0       ; 0         ; 0    ; 0            ; |top_dht11|seg_led:u_seg_led|lpm_divide:Mod1                                                                                       ; work         ;
;          |lpm_divide_0bm:auto_generated|       ; 125 (0)           ; 0 (0)        ; 0           ; 0            ; 0       ; 0         ; 0    ; 0            ; |top_dht11|seg_led:u_seg_led|lpm_divide:Mod1|lpm_divide_0bm:auto_generated                                                         ; work         ;
;             |sign_div_unsign_llh:divider|      ; 125 (0)           ; 0 (0)        ; 0           ; 0            ; 0       ; 0         ; 0    ; 0            ; |top_dht11|seg_led:u_seg_led|lpm_divide:Mod1|lpm_divide_0bm:auto_generated|sign_div_unsign_llh:divider                             ; work         ;
;                |alt_u_div_u6f:divider|         ; 125 (125)         ; 0 (0)        ; 0           ; 0            ; 0       ; 0         ; 0    ; 0            ; |top_dht11|seg_led:u_seg_led|lpm_divide:Mod1|lpm_divide_0bm:auto_generated|sign_div_unsign_llh:divider|alt_u_div_u6f:divider       ; work         ;
;       |lpm_divide:Mod2|                        ; 94 (0)            ; 0 (0)        ; 0           ; 0            ; 0       ; 0         ; 0    ; 0            ; |top_dht11|seg_led:u_seg_led|lpm_divide:Mod2                                                                                       ; work         ;
;          |lpm_divide_0bm:auto_generated|       ; 94 (0)            ; 0 (0)        ; 0           ; 0            ; 0       ; 0         ; 0    ; 0            ; |top_dht11|seg_led:u_seg_led|lpm_divide:Mod2|lpm_divide_0bm:auto_generated                                                         ; work         ;
;             |sign_div_unsign_llh:divider|      ; 94 (0)            ; 0 (0)        ; 0           ; 0            ; 0       ; 0         ; 0    ; 0            ; |top_dht11|seg_led:u_seg_led|lpm_divide:Mod2|lpm_divide_0bm:auto_generated|sign_div_unsign_llh:divider                             ; work         ;
;                |alt_u_div_u6f:divider|         ; 94 (94)           ; 0 (0)        ; 0           ; 0            ; 0       ; 0         ; 0    ; 0            ; |top_dht11|seg_led:u_seg_led|lpm_divide:Mod2|lpm_divide_0bm:auto_generated|sign_div_unsign_llh:divider|alt_u_div_u6f:divider       ; work         ;
;       |lpm_divide:Mod3|                        ; 52 (0)            ; 0 (0)        ; 0           ; 0            ; 0       ; 0         ; 0    ; 0            ; |top_dht11|seg_led:u_seg_led|lpm_divide:Mod3                                                                                       ; work         ;
;          |lpm_divide_0bm:auto_generated|       ; 52 (0)            ; 0 (0)        ; 0           ; 0            ; 0       ; 0         ; 0    ; 0            ; |top_dht11|seg_led:u_seg_led|lpm_divide:Mod3|lpm_divide_0bm:auto_generated                                                         ; work         ;
;             |sign_div_unsign_llh:divider|      ; 52 (0)            ; 0 (0)        ; 0           ; 0            ; 0       ; 0         ; 0    ; 0            ; |top_dht11|seg_led:u_seg_led|lpm_divide:Mod3|lpm_divide_0bm:auto_generated|sign_div_unsign_llh:divider                             ; work         ;
;                |alt_u_div_u6f:divider|         ; 52 (52)           ; 0 (0)        ; 0           ; 0            ; 0       ; 0         ; 0    ; 0            ; |top_dht11|seg_led:u_seg_led|lpm_divide:Mod3|lpm_divide_0bm:auto_generated|sign_div_unsign_llh:divider|alt_u_div_u6f:divider       ; work         ;
+------------------------------------------------+-------------------+--------------+-------------+--------------+---------+-----------+------+--------------+------------------------------------------------------------------------------------------------------------------------------------+--------------+
Note: For table entries with two numbers listed, the numbers in parentheses indicate the number of resources of the given type used by the specific entity alone. The numbers listed outside of parentheses indicate the total resources of the given type used by the specific entity and all of its sub-entities in the hierarchy.


Encoding Type:  One-Hot
+------------------------------------------------------------------------------------------------------------------------------------------------------------------------------------------------------------------------+
; State Machine - |top_dht11|dht11_drive:u_dht11_drive|next_state                                                                                                                                                        ;
+-----------------------------+---------------------+------------------------+-----------------------------+----------------------------+-------------------------+------------------------+-----------------------------+
; Name                        ; next_state.st_delay ; next_state.st_rec_data ; next_state.st_rec_high_87us ; next_state.st_rec_low_83us ; next_state.st_high_13us ; next_state.st_low_20ms ; next_state.st_power_on_wait ;
+-----------------------------+---------------------+------------------------+-----------------------------+----------------------------+-------------------------+------------------------+-----------------------------+
; next_state.st_power_on_wait ; 0                   ; 0                      ; 0                           ; 0                          ; 0                       ; 0                      ; 0                           ;
; next_state.st_low_20ms      ; 0                   ; 0                      ; 0                           ; 0                          ; 0                       ; 1                      ; 1                           ;
; next_state.st_high_13us     ; 0                   ; 0                      ; 0                           ; 0                          ; 1                       ; 0                      ; 1                           ;
; next_state.st_rec_low_83us  ; 0                   ; 0                      ; 0                           ; 1                          ; 0                       ; 0                      ; 1                           ;
; next_state.st_rec_high_87us ; 0                   ; 0                      ; 1                           ; 0                          ; 0                       ; 0                      ; 1                           ;
; next_state.st_rec_data      ; 0                   ; 1                      ; 0                           ; 0                          ; 0                       ; 0                      ; 1                           ;
; next_state.st_delay         ; 1                   ; 0                      ; 0                           ; 0                          ; 0                       ; 0                      ; 1                           ;
+-----------------------------+---------------------+------------------------+-----------------------------+----------------------------+-------------------------+------------------------+-----------------------------+


Encoding Type:  One-Hot
+----------------------------------------------------------------------------------------------------------------------------------------------------------------------------------------------------------------+
; State Machine - |top_dht11|dht11_drive:u_dht11_drive|cur_state                                                                                                                                                 ;
+----------------------------+--------------------+-----------------------+----------------------------+---------------------------+------------------------+-----------------------+----------------------------+
; Name                       ; cur_state.st_delay ; cur_state.st_rec_data ; cur_state.st_rec_high_87us ; cur_state.st_rec_low_83us ; cur_state.st_high_13us ; cur_state.st_low_20ms ; cur_state.st_power_on_wait ;
+----------------------------+--------------------+-----------------------+----------------------------+---------------------------+------------------------+-----------------------+----------------------------+
; cur_state.st_power_on_wait ; 0                  ; 0                     ; 0                          ; 0                         ; 0                      ; 0                     ; 0                          ;
; cur_state.st_low_20ms      ; 0                  ; 0                     ; 0                          ; 0                         ; 0                      ; 1                     ; 1                          ;
; cur_state.st_high_13us     ; 0                  ; 0                     ; 0                          ; 0                         ; 1                      ; 0                     ; 1                          ;
; cur_state.st_rec_low_83us  ; 0                  ; 0                     ; 0                          ; 1                         ; 0                      ; 0                     ; 1                          ;
; cur_state.st_rec_high_87us ; 0                  ; 0                     ; 1                          ; 0                         ; 0                      ; 0                     ; 1                          ;
; cur_state.st_rec_data      ; 0                  ; 1                     ; 0                          ; 0                         ; 0                      ; 0                     ; 1                          ;
; cur_state.st_delay         ; 1                  ; 0                     ; 0                          ; 0                         ; 0                      ; 0                     ; 1                          ;
+----------------------------+--------------------+-----------------------+----------------------------+---------------------------+------------------------+-----------------------+----------------------------+


+----------------------------------------------------------------------------------+
; Registers Removed During Synthesis                                               ;
+-----------------------------------------+----------------------------------------+
; Register name                           ; Reason for Removal                     ;
+-----------------------------------------+----------------------------------------+
; dht11_drive:u_dht11_drive|dht11_buffer  ; Stuck at GND due to stuck port data_in ;
; seg_led:u_seg_led|num[22]               ; Stuck at GND due to stuck port data_in ;
; dht11_drive:u_dht11_drive|next_state~11 ; Lost fanout                            ;
; dht11_drive:u_dht11_drive|next_state~12 ; Lost fanout                            ;
; dht11_drive:u_dht11_drive|next_state~13 ; Lost fanout                            ;
; dht11_drive:u_dht11_drive|cur_state~4   ; Lost fanout                            ;
; dht11_drive:u_dht11_drive|cur_state~5   ; Lost fanout                            ;
; dht11_drive:u_dht11_drive|cur_state~6   ; Lost fanout                            ;
; seg_led:u_seg_led|num[23]               ; Merged with seg_led:u_seg_led|num[21]  ;
; seg_led:u_seg_led|num[0]                ; Stuck at GND due to stuck port data_in ;
; Total Number of Removed Registers = 10  ;                                        ;
+-----------------------------------------+----------------------------------------+


+------------------------------------------------------+
; General Register Statistics                          ;
+----------------------------------------------+-------+
; Statistic                                    ; Value ;
+----------------------------------------------+-------+
; Total registers                              ; 239   ;
; Number of registers using Synchronous Clear  ; 46    ;
; Number of registers using Synchronous Load   ; 32    ;
; Number of registers using Asynchronous Clear ; 207   ;
; Number of registers using Asynchronous Load  ; 0     ;
; Number of registers using Clock Enable       ; 113   ;
; Number of registers using Preset             ; 0     ;
+----------------------------------------------+-------+


+---------------------------------------------------+
; Inverted Register Statistics                      ;
+-----------------------------------------+---------+
; Inverted Register                       ; Fan out ;
+-----------------------------------------+---------+
; seg_led:u_seg_led|seg_sel[0]            ; 1       ;
; seg_led:u_seg_led|seg_sel[1]            ; 1       ;
; seg_led:u_seg_led|seg_sel[2]            ; 1       ;
; seg_led:u_seg_led|seg_sel[3]            ; 1       ;
; seg_led:u_seg_led|seg_sel[4]            ; 1       ;
; seg_led:u_seg_led|seg_sel[5]            ; 1       ;
; seg_led:u_seg_led|seg_led[6]            ; 1       ;
; seg_led:u_seg_led|seg_led[7]            ; 1       ;
; seg_led:u_seg_led|dri_clk               ; 58      ;
; seg_led:u_seg_led|dot_disp              ; 1       ;
; key_debounce:u_key_debounce|key_value   ; 2       ;
; dht11_drive:u_dht11_drive|dht11_d0      ; 8       ;
; dht11_drive:u_dht11_drive|dht11_d1      ; 7       ;
; key_debounce:u_key_debounce|key_reg     ; 2       ;
; Total number of inverted registers = 14 ;         ;
+-----------------------------------------+---------+


+--------------------------------------------------------------------------------------------------------------------------------------------------------------------+
; Multiplexer Restructuring Statistics (Restructuring Performed)                                                                                                     ;
+--------------------+-----------+---------------+----------------------+------------------------+------------+------------------------------------------------------+
; Multiplexer Inputs ; Bus Width ; Baseline Area ; Area if Restructured ; Saving if Restructured ; Registered ; Example Multiplexer Output                           ;
+--------------------+-----------+---------------+----------------------+------------------------+------------+------------------------------------------------------+
; 3:1                ; 32 bits   ; 64 LEs        ; 32 LEs               ; 32 LEs                 ; Yes        ; |top_dht11|key_debounce:u_key_debounce|delay_cnt[24] ;
; 8:1                ; 3 bits    ; 15 LEs        ; 12 LEs               ; 3 LEs                  ; Yes        ; |top_dht11|seg_led:u_seg_led|num_disp[0]             ;
; 6:1                ; 46 bits   ; 184 LEs       ; 46 LEs               ; 138 LEs                ; Yes        ; |top_dht11|dht11_drive:u_dht11_drive|data_temp[20]   ;
; 13:1               ; 5 bits    ; 40 LEs        ; 20 LEs               ; 20 LEs                 ; No         ; |top_dht11|dht11_drive:u_dht11_drive|Selector3       ;
; 15:1               ; 2 bits    ; 20 LEs        ; 6 LEs                ; 14 LEs                 ; No         ; |top_dht11|dht11_drive:u_dht11_drive|Selector4       ;
+--------------------+-----------+---------------+----------------------+------------------------+------------+------------------------------------------------------+


+------------------------------------------------------------------------+
; Parameter Settings for User Entity Instance: dht11_drive:u_dht11_drive ;
+------------------+---------+-------------------------------------------+
; Parameter Name   ; Value   ; Type                                      ;
+------------------+---------+-------------------------------------------+
; POWER_ON_NUM     ; 1000000 ; Signed Integer                            ;
; st_power_on_wait ; 000     ; Unsigned Binary                           ;
; st_low_20ms      ; 001     ; Unsigned Binary                           ;
; st_high_13us     ; 010     ; Unsigned Binary                           ;
; st_rec_low_83us  ; 011     ; Unsigned Binary                           ;
; st_rec_high_87us ; 100     ; Unsigned Binary                           ;
; st_rec_data      ; 101     ; Unsigned Binary                           ;
; st_delay         ; 110     ; Unsigned Binary                           ;
+------------------+---------+-------------------------------------------+
Note: In order to hide this table in the UI and the text report file, please set the "Show Parameter Settings in Synthesis Report" option in "Analysis and Synthesis Settings -> More Settings" to "Off".


+------------------------------------------------------------------------------------+
; Parameter Settings for Inferred Entity Instance: seg_led:u_seg_led|lpm_divide:Div1 ;
+------------------------+----------------+------------------------------------------+
; Parameter Name         ; Value          ; Type                                     ;
+------------------------+----------------+------------------------------------------+
; LPM_WIDTHN             ; 20             ; Untyped                                  ;
; LPM_WIDTHD             ; 7              ; Untyped                                  ;
; LPM_NREPRESENTATION    ; UNSIGNED       ; Untyped                                  ;
; LPM_DREPRESENTATION    ; UNSIGNED       ; Untyped                                  ;
; LPM_PIPELINE           ; 0              ; Untyped                                  ;
; LPM_REMAINDERPOSITIVE  ; TRUE           ; Untyped                                  ;
; MAXIMIZE_SPEED         ; 5              ; Untyped                                  ;
; CBXI_PARAMETER         ; lpm_divide_0jm ; Untyped                                  ;
; CARRY_CHAIN            ; MANUAL         ; Untyped                                  ;
; OPTIMIZE_FOR_SPEED     ; 5              ; Untyped                                  ;
; AUTO_CARRY_CHAINS      ; ON             ; AUTO_CARRY                               ;
; IGNORE_CARRY_BUFFERS   ; OFF            ; IGNORE_CARRY                             ;
; AUTO_CASCADE_CHAINS    ; ON             ; AUTO_CASCADE                             ;
; IGNORE_CASCADE_BUFFERS ; OFF            ; IGNORE_CASCADE                           ;
+------------------------+----------------+------------------------------------------+
Note: In order to hide this table in the UI and the text report file, please set the "Show Parameter Settings in Synthesis Report" option in "Analysis and Synthesis Settings -> More Settings" to "Off".


+------------------------------------------------------------------------------------+
; Parameter Settings for Inferred Entity Instance: seg_led:u_seg_led|lpm_divide:Mod2 ;
+------------------------+----------------+------------------------------------------+
; Parameter Name         ; Value          ; Type                                     ;
+------------------------+----------------+------------------------------------------+
; LPM_WIDTHN             ; 20             ; Untyped                                  ;
; LPM_WIDTHD             ; 4              ; Untyped                                  ;
; LPM_NREPRESENTATION    ; UNSIGNED       ; Untyped                                  ;
; LPM_DREPRESENTATION    ; UNSIGNED       ; Untyped                                  ;
; LPM_PIPELINE           ; 0              ; Untyped                                  ;
; LPM_REMAINDERPOSITIVE  ; TRUE           ; Untyped                                  ;
; MAXIMIZE_SPEED         ; 5              ; Untyped                                  ;
; CBXI_PARAMETER         ; lpm_divide_0bm ; Untyped                                  ;
; CARRY_CHAIN            ; MANUAL         ; Untyped                                  ;
; OPTIMIZE_FOR_SPEED     ; 5              ; Untyped                                  ;
; AUTO_CARRY_CHAINS      ; ON             ; AUTO_CARRY                               ;
; IGNORE_CARRY_BUFFERS   ; OFF            ; IGNORE_CARRY                             ;
; AUTO_CASCADE_CHAINS    ; ON             ; AUTO_CASCADE                             ;
; IGNORE_CASCADE_BUFFERS ; OFF            ; IGNORE_CASCADE                           ;
+------------------------+----------------+------------------------------------------+
Note: In order to hide this table in the UI and the text report file, please set the "Show Parameter Settings in Synthesis Report" option in "Analysis and Synthesis Settings -> More Settings" to "Off".


+------------------------------------------------------------------------------------+
; Parameter Settings for Inferred Entity Instance: seg_led:u_seg_led|lpm_divide:Div0 ;
+------------------------+----------------+------------------------------------------+
; Parameter Name         ; Value          ; Type                                     ;
+------------------------+----------------+------------------------------------------+
; LPM_WIDTHN             ; 20             ; Untyped                                  ;
; LPM_WIDTHD             ; 4              ; Untyped                                  ;
; LPM_NREPRESENTATION    ; UNSIGNED       ; Untyped                                  ;
; LPM_DREPRESENTATION    ; UNSIGNED       ; Untyped                                  ;
; LPM_PIPELINE           ; 0              ; Untyped                                  ;
; LPM_REMAINDERPOSITIVE  ; TRUE           ; Untyped                                  ;
; MAXIMIZE_SPEED         ; 5              ; Untyped                                  ;
; CBXI_PARAMETER         ; lpm_divide_tim ; Untyped                                  ;
; CARRY_CHAIN            ; MANUAL         ; Untyped                                  ;
; OPTIMIZE_FOR_SPEED     ; 5              ; Untyped                                  ;
; AUTO_CARRY_CHAINS      ; ON             ; AUTO_CARRY                               ;
; IGNORE_CARRY_BUFFERS   ; OFF            ; IGNORE_CARRY                             ;
; AUTO_CASCADE_CHAINS    ; ON             ; AUTO_CASCADE                             ;
; IGNORE_CASCADE_BUFFERS ; OFF            ; IGNORE_CASCADE                           ;
+------------------------+----------------+------------------------------------------+
Note: In order to hide this table in the UI and the text report file, please set the "Show Parameter Settings in Synthesis Report" option in "Analysis and Synthesis Settings -> More Settings" to "Off".


+------------------------------------------------------------------------------------+
; Parameter Settings for Inferred Entity Instance: seg_led:u_seg_led|lpm_divide:Mod1 ;
+------------------------+----------------+------------------------------------------+
; Parameter Name         ; Value          ; Type                                     ;
+------------------------+----------------+------------------------------------------+
; LPM_WIDTHN             ; 20             ; Untyped                                  ;
; LPM_WIDTHD             ; 4              ; Untyped                                  ;
; LPM_NREPRESENTATION    ; UNSIGNED       ; Untyped                                  ;
; LPM_DREPRESENTATION    ; UNSIGNED       ; Untyped                                  ;
; LPM_PIPELINE           ; 0              ; Untyped                                  ;
; LPM_REMAINDERPOSITIVE  ; TRUE           ; Untyped                                  ;
; MAXIMIZE_SPEED         ; 5              ; Untyped                                  ;
; CBXI_PARAMETER         ; lpm_divide_0bm ; Untyped                                  ;
; CARRY_CHAIN            ; MANUAL         ; Untyped                                  ;
; OPTIMIZE_FOR_SPEED     ; 5              ; Untyped                                  ;
; AUTO_CARRY_CHAINS      ; ON             ; AUTO_CARRY                               ;
; IGNORE_CARRY_BUFFERS   ; OFF            ; IGNORE_CARRY                             ;
; AUTO_CASCADE_CHAINS    ; ON             ; AUTO_CASCADE                             ;
; IGNORE_CASCADE_BUFFERS ; OFF            ; IGNORE_CASCADE                           ;
+------------------------+----------------+------------------------------------------+
Note: In order to hide this table in the UI and the text report file, please set the "Show Parameter Settings in Synthesis Report" option in "Analysis and Synthesis Settings -> More Settings" to "Off".


+------------------------------------------------------------------------------------+
; Parameter Settings for Inferred Entity Instance: seg_led:u_seg_led|lpm_divide:Mod0 ;
+------------------------+----------------+------------------------------------------+
; Parameter Name         ; Value          ; Type                                     ;
+------------------------+----------------+------------------------------------------+
; LPM_WIDTHN             ; 20             ; Untyped                                  ;
; LPM_WIDTHD             ; 4              ; Untyped                                  ;
; LPM_NREPRESENTATION    ; UNSIGNED       ; Untyped                                  ;
; LPM_DREPRESENTATION    ; UNSIGNED       ; Untyped                                  ;
; LPM_PIPELINE           ; 0              ; Untyped                                  ;
; LPM_REMAINDERPOSITIVE  ; TRUE           ; Untyped                                  ;
; MAXIMIZE_SPEED         ; 5              ; Untyped                                  ;
; CBXI_PARAMETER         ; lpm_divide_0bm ; Untyped                                  ;
; CARRY_CHAIN            ; MANUAL         ; Untyped                                  ;
; OPTIMIZE_FOR_SPEED     ; 5              ; Untyped                                  ;
; AUTO_CARRY_CHAINS      ; ON             ; AUTO_CARRY                               ;
; IGNORE_CARRY_BUFFERS   ; OFF            ; IGNORE_CARRY                             ;
; AUTO_CASCADE_CHAINS    ; ON             ; AUTO_CASCADE                             ;
; IGNORE_CASCADE_BUFFERS ; OFF            ; IGNORE_CASCADE                           ;
+------------------------+----------------+------------------------------------------+
Note: In order to hide this table in the UI and the text report file, please set the "Show Parameter Settings in Synthesis Report" option in "Analysis and Synthesis Settings -> More Settings" to "Off".


+------------------------------------------------------------------------------------+
; Parameter Settings for Inferred Entity Instance: seg_led:u_seg_led|lpm_divide:Div2 ;
+------------------------+----------------+------------------------------------------+
; Parameter Name         ; Value          ; Type                                     ;
+------------------------+----------------+------------------------------------------+
; LPM_WIDTHN             ; 20             ; Untyped                                  ;
; LPM_WIDTHD             ; 10             ; Untyped                                  ;
; LPM_NREPRESENTATION    ; UNSIGNED       ; Untyped                                  ;
; LPM_DREPRESENTATION    ; UNSIGNED       ; Untyped                                  ;
; LPM_PIPELINE           ; 0              ; Untyped                                  ;
; LPM_REMAINDERPOSITIVE  ; TRUE           ; Untyped                                  ;
; MAXIMIZE_SPEED         ; 5              ; Untyped                                  ;
; CBXI_PARAMETER         ; lpm_divide_akm ; Untyped                                  ;
; CARRY_CHAIN            ; MANUAL         ; Untyped                                  ;
; OPTIMIZE_FOR_SPEED     ; 5              ; Untyped                                  ;
; AUTO_CARRY_CHAINS      ; ON             ; AUTO_CARRY                               ;
; IGNORE_CARRY_BUFFERS   ; OFF            ; IGNORE_CARRY                             ;
; AUTO_CASCADE_CHAINS    ; ON             ; AUTO_CASCADE                             ;
; IGNORE_CASCADE_BUFFERS ; OFF            ; IGNORE_CASCADE                           ;
+------------------------+----------------+------------------------------------------+
Note: In order to hide this table in the UI and the text report file, please set the "Show Parameter Settings in Synthesis Report" option in "Analysis and Synthesis Settings -> More Settings" to "Off".


+------------------------------------------------------------------------------------+
; Parameter Settings for Inferred Entity Instance: seg_led:u_seg_led|lpm_divide:Mod3 ;
+------------------------+----------------+------------------------------------------+
; Parameter Name         ; Value          ; Type                                     ;
+------------------------+----------------+------------------------------------------+
; LPM_WIDTHN             ; 20             ; Untyped                                  ;
; LPM_WIDTHD             ; 4              ; Untyped                                  ;
; LPM_NREPRESENTATION    ; UNSIGNED       ; Untyped                                  ;
; LPM_DREPRESENTATION    ; UNSIGNED       ; Untyped                                  ;
; LPM_PIPELINE           ; 0              ; Untyped                                  ;
; LPM_REMAINDERPOSITIVE  ; TRUE           ; Untyped                                  ;
; MAXIMIZE_SPEED         ; 5              ; Untyped                                  ;
; CBXI_PARAMETER         ; lpm_divide_0bm ; Untyped                                  ;
; CARRY_CHAIN            ; MANUAL         ; Untyped                                  ;
; OPTIMIZE_FOR_SPEED     ; 5              ; Untyped                                  ;
; AUTO_CARRY_CHAINS      ; ON             ; AUTO_CARRY                               ;
; IGNORE_CARRY_BUFFERS   ; OFF            ; IGNORE_CARRY                             ;
; AUTO_CASCADE_CHAINS    ; ON             ; AUTO_CASCADE                             ;
; IGNORE_CASCADE_BUFFERS ; OFF            ; IGNORE_CASCADE                           ;
+------------------------+----------------+------------------------------------------+
Note: In order to hide this table in the UI and the text report file, please set the "Show Parameter Settings in Synthesis Report" option in "Analysis and Synthesis Settings -> More Settings" to "Off".


+------------------------------------------------------------------------------------+
; Parameter Settings for Inferred Entity Instance: seg_led:u_seg_led|lpm_divide:Div3 ;
+------------------------+----------------+------------------------------------------+
; Parameter Name         ; Value          ; Type                                     ;
+------------------------+----------------+------------------------------------------+
; LPM_WIDTHN             ; 20             ; Untyped                                  ;
; LPM_WIDTHD             ; 14             ; Untyped                                  ;
; LPM_NREPRESENTATION    ; UNSIGNED       ; Untyped                                  ;
; LPM_DREPRESENTATION    ; UNSIGNED       ; Untyped                                  ;
; LPM_PIPELINE           ; 0              ; Untyped                                  ;
; LPM_REMAINDERPOSITIVE  ; TRUE           ; Untyped                                  ;
; MAXIMIZE_SPEED         ; 5              ; Untyped                                  ;
; CBXI_PARAMETER         ; lpm_divide_ekm ; Untyped                                  ;
; CARRY_CHAIN            ; MANUAL         ; Untyped                                  ;
; OPTIMIZE_FOR_SPEED     ; 5              ; Untyped                                  ;
; AUTO_CARRY_CHAINS      ; ON             ; AUTO_CARRY                               ;
; IGNORE_CARRY_BUFFERS   ; OFF            ; IGNORE_CARRY                             ;
; AUTO_CASCADE_CHAINS    ; ON             ; AUTO_CASCADE                             ;
; IGNORE_CASCADE_BUFFERS ; OFF            ; IGNORE_CASCADE                           ;
+------------------------+----------------+------------------------------------------+
Note: In order to hide this table in the UI and the text report file, please set the "Show Parameter Settings in Synthesis Report" option in "Analysis and Synthesis Settings -> More Settings" to "Off".


+------------------------------------------------------------------------------------+
; Parameter Settings for Inferred Entity Instance: seg_led:u_seg_led|lpm_divide:Mod4 ;
+------------------------+----------------+------------------------------------------+
; Parameter Name         ; Value          ; Type                                     ;
+------------------------+----------------+------------------------------------------+
; LPM_WIDTHN             ; 20             ; Untyped                                  ;
; LPM_WIDTHD             ; 4              ; Untyped                                  ;
; LPM_NREPRESENTATION    ; UNSIGNED       ; Untyped                                  ;
; LPM_DREPRESENTATION    ; UNSIGNED       ; Untyped                                  ;
; LPM_PIPELINE           ; 0              ; Untyped                                  ;
; LPM_REMAINDERPOSITIVE  ; TRUE           ; Untyped                                  ;
; MAXIMIZE_SPEED         ; 5              ; Untyped                                  ;
; CBXI_PARAMETER         ; lpm_divide_0bm ; Untyped                                  ;
; CARRY_CHAIN            ; MANUAL         ; Untyped                                  ;
; OPTIMIZE_FOR_SPEED     ; 5              ; Untyped                                  ;
; AUTO_CARRY_CHAINS      ; ON             ; AUTO_CARRY                               ;
; IGNORE_CARRY_BUFFERS   ; OFF            ; IGNORE_CARRY                             ;
; AUTO_CASCADE_CHAINS    ; ON             ; AUTO_CASCADE                             ;
; IGNORE_CASCADE_BUFFERS ; OFF            ; IGNORE_CASCADE                           ;
+------------------------+----------------+------------------------------------------+
Note: In order to hide this table in the UI and the text report file, please set the "Show Parameter Settings in Synthesis Report" option in "Analysis and Synthesis Settings -> More Settings" to "Off".


+---------------------------------------------------------------------------------------+
; Parameter Settings for Inferred Entity Instance: dht11_key:u_dht11_key|lpm_mult:Mult0 ;
+------------------------------------------------+--------------+-----------------------+
; Parameter Name                                 ; Value        ; Type                  ;
+------------------------------------------------+--------------+-----------------------+
; AUTO_CARRY_CHAINS                              ; ON           ; AUTO_CARRY            ;
; IGNORE_CARRY_BUFFERS                           ; OFF          ; IGNORE_CARRY          ;
; AUTO_CASCADE_CHAINS                            ; ON           ; AUTO_CASCADE          ;
; IGNORE_CASCADE_BUFFERS                         ; OFF          ; IGNORE_CASCADE        ;
; LPM_WIDTHA                                     ; 8            ; Untyped               ;
; LPM_WIDTHB                                     ; 7            ; Untyped               ;
; LPM_WIDTHP                                     ; 15           ; Untyped               ;
; LPM_WIDTHR                                     ; 15           ; Untyped               ;
; LPM_WIDTHS                                     ; 1            ; Untyped               ;
; LPM_REPRESENTATION                             ; UNSIGNED     ; Untyped               ;
; LPM_PIPELINE                                   ; 0            ; Untyped               ;
; LATENCY                                        ; 0            ; Untyped               ;
; INPUT_A_IS_CONSTANT                            ; NO           ; Untyped               ;
; INPUT_B_IS_CONSTANT                            ; YES          ; Untyped               ;
; USE_EAB                                        ; OFF          ; Untyped               ;
; MAXIMIZE_SPEED                                 ; 5            ; Untyped               ;
; DEVICE_FAMILY                                  ; Cyclone IV E ; Untyped               ;
; CARRY_CHAIN                                    ; MANUAL       ; Untyped               ;
; APEX20K_TECHNOLOGY_MAPPER                      ; LUT          ; TECH_MAPPER_APEX20K   ;
; DEDICATED_MULTIPLIER_CIRCUITRY                 ; AUTO         ; Untyped               ;
; DEDICATED_MULTIPLIER_MIN_INPUT_WIDTH_FOR_AUTO  ; 0            ; Untyped               ;
; DEDICATED_MULTIPLIER_MIN_OUTPUT_WIDTH_FOR_AUTO ; 0            ; Untyped               ;
; CBXI_PARAMETER                                 ; NOTHING      ; Untyped               ;
; INPUT_A_FIXED_VALUE                            ; Bx           ; Untyped               ;
; INPUT_B_FIXED_VALUE                            ; Bx           ; Untyped               ;
; USE_AHDL_IMPLEMENTATION                        ; OFF          ; Untyped               ;
+------------------------------------------------+--------------+-----------------------+
Note: In order to hide this table in the UI and the text report file, please set the "Show Parameter Settings in Synthesis Report" option in "Analysis and Synthesis Settings -> More Settings" to "Off".


+------------------------------------------------------------------------------+
; lpm_mult Parameter Settings by Entity Instance                               ;
+---------------------------------------+--------------------------------------+
; Name                                  ; Value                                ;
+---------------------------------------+--------------------------------------+
; Number of entity instances            ; 1                                    ;
; Entity Instance                       ; dht11_key:u_dht11_key|lpm_mult:Mult0 ;
;     -- LPM_WIDTHA                     ; 8                                    ;
;     -- LPM_WIDTHB                     ; 7                                    ;
;     -- LPM_WIDTHP                     ; 15                                   ;
;     -- LPM_REPRESENTATION             ; UNSIGNED                             ;
;     -- INPUT_A_IS_CONSTANT            ; NO                                   ;
;     -- INPUT_B_IS_CONSTANT            ; YES                                  ;
;     -- USE_EAB                        ; OFF                                  ;
;     -- DEDICATED_MULTIPLIER_CIRCUITRY ; AUTO                                 ;
;     -- INPUT_A_FIXED_VALUE            ; Bx                                   ;
;     -- INPUT_B_FIXED_VALUE            ; Bx                                   ;
+---------------------------------------+--------------------------------------+


+--------------------------------------------------------------------------------------------------------------------------------------------------------+
; Port Connectivity Checks: "dht11_key:u_dht11_key"                                                                                                      ;
+------+--------+----------+-----------------------------------------------------------------------------------------------------------------------------+
; Port ; Type   ; Severity ; Details                                                                                                                     ;
+------+--------+----------+-----------------------------------------------------------------------------------------------------------------------------+
; data ; Output ; Warning  ; Output or bidir port (32 bits) is wider than the port expression (20 bits) it drives; bit(s) "data[31..20]" have no fanouts ;
+------+--------+----------+-----------------------------------------------------------------------------------------------------------------------------+


+-------------------------------+
; Elapsed Time Per Partition    ;
+----------------+--------------+
; Partition Name ; Elapsed Time ;
+----------------+--------------+
; Top            ; 00:00:03     ;
+----------------+--------------+


+-------------------------------+
; Analysis & Synthesis Messages ;
+-------------------------------+
Info: *******************************************************************
Info: Running Quartus II 64-Bit Analysis & Synthesis
    Info: Version 13.1.0 Build 162 10/23/2013 SJ Full Version
    Info: Processing started: Wed May 15 15:38:38 2019
Info: Command: quartus_map --read_settings_files=on --write_settings_files=off dht11_seg -c dht11_seg
Info (20030): Parallel compilation is enabled and will use 4 of the 4 processors detected
Info (12021): Found 1 design units, including 1 entities, in source file /smg_test/20_top_dht11/rtl/dht11_drive.v
    Info (12023): Found entity 1: dht11_drive
Info (12021): Found 1 design units, including 1 entities, in source file /smg_test/20_top_dht11/rtl/seg_led.v
    Info (12023): Found entity 1: seg_led
Info (12021): Found 1 design units, including 1 entities, in source file /smg_test/20_top_dht11/rtl/dht11_key.v
    Info (12023): Found entity 1: dht11_key
Info (12021): Found 1 design units, including 1 entities, in source file /smg_test/20_top_dht11/rtl/key_debounce.v
    Info (12023): Found entity 1: key_debounce
Info (12021): Found 1 design units, including 1 entities, in source file /smg_test/20_top_dht11/rtl/top_dht11.v
    Info (12023): Found entity 1: top_dht11
Warning (10236): Verilog HDL Implicit Net warning at top_dht11.v(62): created implicit net for "key_flag"
Warning (10236): Verilog HDL Implicit Net warning at top_dht11.v(63): created implicit net for "key_value"
Warning (10236): Verilog HDL Implicit Net warning at top_dht11.v(76): created implicit net for "sign"
Warning (10236): Verilog HDL Implicit Net warning at top_dht11.v(77): created implicit net for "en"
Info (12127): Elaborating entity "top_dht11" for the top level hierarchy
Info (12128): Elaborating entity "dht11_drive" for hierarchy "dht11_drive:u_dht11_drive"
Info (12128): Elaborating entity "key_debounce" for hierarchy "key_debounce:u_key_debounce"
Warning (10230): Verilog HDL assignment warning at key_debounce.v(45): truncated value with size 4 to match size of target (1)
Warning (10230): Verilog HDL assignment warning at key_debounce.v(64): truncated value with size 4 to match size of target (1)
Info (12128): Elaborating entity "dht11_key" for hierarchy "dht11_key:u_dht11_key"
Info (12128): Elaborating entity "seg_led" for hierarchy "seg_led:u_seg_led"
Warning (10230): Verilog HDL assignment warning at seg_led.v(62): truncated value with size 20 to match size of target (4)
Warning (10230): Verilog HDL assignment warning at seg_led.v(63): truncated value with size 20 to match size of target (4)
Warning (10230): Verilog HDL assignment warning at seg_led.v(64): truncated value with size 20 to match size of target (4)
Warning (10230): Verilog HDL assignment warning at seg_led.v(65): truncated value with size 20 to match size of target (4)
Warning (10230): Verilog HDL assignment warning at seg_led.v(66): truncated value with size 20 to match size of target (4)
Warning (10230): Verilog HDL assignment warning at seg_led.v(67): truncated value with size 20 to match size of target (4)
Info (278001): Inferred 10 megafunctions from design logic
    Info (278004): Inferred divider/modulo megafunction ("lpm_divide") from the following logic: "seg_led:u_seg_led|Div1"
    Info (278004): Inferred divider/modulo megafunction ("lpm_divide") from the following logic: "seg_led:u_seg_led|Mod2"
    Info (278004): Inferred divider/modulo megafunction ("lpm_divide") from the following logic: "seg_led:u_seg_led|Div0"
    Info (278004): Inferred divider/modulo megafunction ("lpm_divide") from the following logic: "seg_led:u_seg_led|Mod1"
    Info (278004): Inferred divider/modulo megafunction ("lpm_divide") from the following logic: "seg_led:u_seg_led|Mod0"
    Info (278004): Inferred divider/modulo megafunction ("lpm_divide") from the following logic: "seg_led:u_seg_led|Div2"
    Info (278004): Inferred divider/modulo megafunction ("lpm_divide") from the following logic: "seg_led:u_seg_led|Mod3"
    Info (278004): Inferred divider/modulo megafunction ("lpm_divide") from the following logic: "seg_led:u_seg_led|Div3"
    Info (278004): Inferred divider/modulo megafunction ("lpm_divide") from the following logic: "seg_led:u_seg_led|Mod4"
    Info (278003): Inferred multiplier megafunction ("lpm_mult") from the following logic: "dht11_key:u_dht11_key|Mult0"
Info (12130): Elaborated megafunction instantiation "seg_led:u_seg_led|lpm_divide:Div1"
Info (12133): Instantiated megafunction "seg_led:u_seg_led|lpm_divide:Div1" with the following parameter:
    Info (12134): Parameter "LPM_WIDTHN" = "20"
    Info (12134): Parameter "LPM_WIDTHD" = "7"
    Info (12134): Parameter "LPM_NREPRESENTATION" = "UNSIGNED"
    Info (12134): Parameter "LPM_DREPRESENTATION" = "UNSIGNED"
Info (12021): Found 1 design units, including 1 entities, in source file db/lpm_divide_0jm.tdf
    Info (12023): Found entity 1: lpm_divide_0jm
Info (12021): Found 1 design units, including 1 entities, in source file db/sign_div_unsign_olh.tdf
    Info (12023): Found entity 1: sign_div_unsign_olh
Info (12021): Found 1 design units, including 1 entities, in source file db/alt_u_div_47f.tdf
    Info (12023): Found entity 1: alt_u_div_47f
Info (12021): Found 1 design units, including 1 entities, in source file db/add_sub_7pc.tdf
    Info (12023): Found entity 1: add_sub_7pc
Info (12021): Found 1 design units, including 1 entities, in source file db/add_sub_8pc.tdf
    Info (12023): Found entity 1: add_sub_8pc
Info (12130): Elaborated megafunction instantiation "seg_led:u_seg_led|lpm_divide:Mod2"
Info (12133): Instantiated megafunction "seg_led:u_seg_led|lpm_divide:Mod2" with the following parameter:
    Info (12134): Parameter "LPM_WIDTHN" = "20"
    Info (12134): Parameter "LPM_WIDTHD" = "4"
    Info (12134): Parameter "LPM_NREPRESENTATION" = "UNSIGNED"
    Info (12134): Parameter "LPM_DREPRESENTATION" = "UNSIGNED"
Info (12021): Found 1 design units, including 1 entities, in source file db/lpm_divide_0bm.tdf
    Info (12023): Found entity 1: lpm_divide_0bm
Info (12021): Found 1 design units, including 1 entities, in source file db/sign_div_unsign_llh.tdf
    Info (12023): Found entity 1: sign_div_unsign_llh
Info (12021): Found 1 design units, including 1 entities, in source file db/alt_u_div_u6f.tdf
    Info (12023): Found entity 1: alt_u_div_u6f
Info (12130): Elaborated megafunction instantiation "seg_led:u_seg_led|lpm_divide:Div0"
Info (12133): Instantiated megafunction "seg_led:u_seg_led|lpm_divide:Div0" with the following parameter:
    Info (12134): Parameter "LPM_WIDTHN" = "20"
    Info (12134): Parameter "LPM_WIDTHD" = "4"
    Info (12134): Parameter "LPM_NREPRESENTATION" = "UNSIGNED"
    Info (12134): Parameter "LPM_DREPRESENTATION" = "UNSIGNED"
Info (12021): Found 1 design units, including 1 entities, in source file db/lpm_divide_tim.tdf
    Info (12023): Found entity 1: lpm_divide_tim
Info (12130): Elaborated megafunction instantiation "seg_led:u_seg_led|lpm_divide:Mod0"
Info (12133): Instantiated megafunction "seg_led:u_seg_led|lpm_divide:Mod0" with the following parameter:
    Info (12134): Parameter "LPM_WIDTHN" = "20"
    Info (12134): Parameter "LPM_WIDTHD" = "4"
    Info (12134): Parameter "LPM_NREPRESENTATION" = "UNSIGNED"
    Info (12134): Parameter "LPM_DREPRESENTATION" = "UNSIGNED"
Info (12130): Elaborated megafunction instantiation "seg_led:u_seg_led|lpm_divide:Div2"
Info (12133): Instantiated megafunction "seg_led:u_seg_led|lpm_divide:Div2" with the following parameter:
    Info (12134): Parameter "LPM_WIDTHN" = "20"
    Info (12134): Parameter "LPM_WIDTHD" = "10"
    Info (12134): Parameter "LPM_NREPRESENTATION" = "UNSIGNED"
    Info (12134): Parameter "LPM_DREPRESENTATION" = "UNSIGNED"
Info (12021): Found 1 design units, including 1 entities, in source file db/lpm_divide_akm.tdf
    Info (12023): Found entity 1: lpm_divide_akm
Info (12021): Found 1 design units, including 1 entities, in source file db/sign_div_unsign_2nh.tdf
    Info (12023): Found entity 1: sign_div_unsign_2nh
Info (12021): Found 1 design units, including 1 entities, in source file db/alt_u_div_o9f.tdf
    Info (12023): Found entity 1: alt_u_div_o9f
Info (12130): Elaborated megafunction instantiation "seg_led:u_seg_led|lpm_divide:Div3"
Info (12133): Instantiated megafunction "seg_led:u_seg_led|lpm_divide:Div3" with the following parameter:
    Info (12134): Parameter "LPM_WIDTHN" = "20"
    Info (12134): Parameter "LPM_WIDTHD" = "14"
    Info (12134): Parameter "LPM_NREPRESENTATION" = "UNSIGNED"
    Info (12134): Parameter "LPM_DREPRESENTATION" = "UNSIGNED"
Info (12021): Found 1 design units, including 1 entities, in source file db/lpm_divide_ekm.tdf
    Info (12023): Found entity 1: lpm_divide_ekm
Info (12021): Found 1 design units, including 1 entities, in source file db/sign_div_unsign_6nh.tdf
    Info (12023): Found entity 1: sign_div_unsign_6nh
Info (12021): Found 1 design units, including 1 entities, in source file db/alt_u_div_0af.tdf
    Info (12023): Found entity 1: alt_u_div_0af
Info (12130): Elaborated megafunction instantiation "dht11_key:u_dht11_key|lpm_mult:Mult0"
Info (12133): Instantiated megafunction "dht11_key:u_dht11_key|lpm_mult:Mult0" with the following parameter:
    Info (12134): Parameter "LPM_WIDTHA" = "8"
    Info (12134): Parameter "LPM_WIDTHB" = "7"
    Info (12134): Parameter "LPM_WIDTHP" = "15"
    Info (12134): Parameter "LPM_WIDTHR" = "15"
    Info (12134): Parameter "LPM_WIDTHS" = "1"
    Info (12134): Parameter "LPM_REPRESENTATION" = "UNSIGNED"
    Info (12134): Parameter "INPUT_A_IS_CONSTANT" = "NO"
    Info (12134): Parameter "INPUT_B_IS_CONSTANT" = "YES"
    Info (12134): Parameter "MAXIMIZE_SPEED" = "5"
Info (12131): Elaborated megafunction instantiation "dht11_key:u_dht11_key|lpm_mult:Mult0|multcore:mult_core", which is child of megafunction instantiation "dht11_key:u_dht11_key|lpm_mult:Mult0"
Info (12131): Elaborated megafunction instantiation "dht11_key:u_dht11_key|lpm_mult:Mult0|multcore:mult_core|mpar_add:padder", which is child of megafunction instantiation "dht11_key:u_dht11_key|lpm_mult:Mult0"
Info (12131): Elaborated megafunction instantiation "dht11_key:u_dht11_key|lpm_mult:Mult0|multcore:mult_core|mpar_add:padder|lpm_add_sub:adder[0]", which is child of megafunction instantiation "dht11_key:u_dht11_key|lpm_mult:Mult0"
Info (12021): Found 1 design units, including 1 entities, in source file db/add_sub_kgh.tdf
    Info (12023): Found entity 1: add_sub_kgh
Info (12131): Elaborated megafunction instantiation "dht11_key:u_dht11_key|lpm_mult:Mult0|altshift:external_latency_ffs", which is child of megafunction instantiation "dht11_key:u_dht11_key|lpm_mult:Mult0"
Warning (12241): 1 hierarchies have connectivity warnings - see the Connectivity Checks report folder
Info (13000): Registers with preset signals will power-up high
Info (13003): DEV_CLRn pin will set, and not reset, register with preset signal due to NOT Gate Push-Back
Info (286030): Timing-Driven Synthesis is running
Info (17049): 6 registers lost all their fanouts during netlist optimizations.
Info (17016): Found the following redundant logic cells in design
    Info (17048): Logic cell "seg_led:u_seg_led|lpm_divide:Div3|lpm_divide_ekm:auto_generated|sign_div_unsign_6nh:divider|alt_u_div_0af:divider|add_sub_17_result_int[3]~24"
    Info (17048): Logic cell "seg_led:u_seg_led|lpm_divide:Div3|lpm_divide_ekm:auto_generated|sign_div_unsign_6nh:divider|alt_u_div_0af:divider|add_sub_17_result_int[2]~26"
    Info (17048): Logic cell "seg_led:u_seg_led|lpm_divide:Div2|lpm_divide_akm:auto_generated|sign_div_unsign_2nh:divider|alt_u_div_o9f:divider|add_sub_13_result_int[2]~18"
    Info (17048): Logic cell "seg_led:u_seg_led|lpm_divide:Div2|lpm_divide_akm:auto_generated|sign_div_unsign_2nh:divider|alt_u_div_o9f:divider|add_sub_13_result_int[1]~20"
    Info (17048): Logic cell "seg_led:u_seg_led|lpm_divide:Mod3|lpm_divide_0bm:auto_generated|sign_div_unsign_llh:divider|alt_u_div_u6f:divider|add_sub_16_result_int[0]~10"
    Info (17048): Logic cell "seg_led:u_seg_led|lpm_divide:Mod3|lpm_divide_0bm:auto_generated|sign_div_unsign_llh:divider|alt_u_div_u6f:divider|add_sub_17_result_int[0]~10"
    Info (17048): Logic cell "seg_led:u_seg_led|lpm_divide:Mod3|lpm_divide_0bm:auto_generated|sign_div_unsign_llh:divider|alt_u_div_u6f:divider|add_sub_18_result_int[0]~10"
    Info (17048): Logic cell "seg_led:u_seg_led|lpm_divide:Mod3|lpm_divide_0bm:auto_generated|sign_div_unsign_llh:divider|alt_u_div_u6f:divider|add_sub_19_result_int[0]~10"
    Info (17048): Logic cell "seg_led:u_seg_led|lpm_divide:Div1|lpm_divide_0jm:auto_generated|sign_div_unsign_olh:divider|alt_u_div_47f:divider|add_sub_10_result_int[1]~14"
    Info (17048): Logic cell "seg_led:u_seg_led|lpm_divide:Mod2|lpm_divide_0bm:auto_generated|sign_div_unsign_llh:divider|alt_u_div_u6f:divider|add_sub_19_result_int[0]~0"
    Info (17048): Logic cell "seg_led:u_seg_led|lpm_divide:Mod2|lpm_divide_0bm:auto_generated|sign_div_unsign_llh:divider|alt_u_div_u6f:divider|add_sub_13_result_int[0]~10"
    Info (17048): Logic cell "seg_led:u_seg_led|lpm_divide:Mod2|lpm_divide_0bm:auto_generated|sign_div_unsign_llh:divider|alt_u_div_u6f:divider|add_sub_14_result_int[0]~10"
    Info (17048): Logic cell "seg_led:u_seg_led|lpm_divide:Mod2|lpm_divide_0bm:auto_generated|sign_div_unsign_llh:divider|alt_u_div_u6f:divider|add_sub_15_result_int[0]~10"
    Info (17048): Logic cell "seg_led:u_seg_led|lpm_divide:Mod2|lpm_divide_0bm:auto_generated|sign_div_unsign_llh:divider|alt_u_div_u6f:divider|add_sub_16_result_int[0]~10"
    Info (17048): Logic cell "seg_led:u_seg_led|lpm_divide:Mod2|lpm_divide_0bm:auto_generated|sign_div_unsign_llh:divider|alt_u_div_u6f:divider|add_sub_17_result_int[0]~10"
    Info (17048): Logic cell "seg_led:u_seg_led|lpm_divide:Mod2|lpm_divide_0bm:auto_generated|sign_div_unsign_llh:divider|alt_u_div_u6f:divider|add_sub_18_result_int[0]~10"
Info (16010): Generating hard_block partition "hard_block:auto_generated_inst"
    Info (16011): Adding 0 node(s), including 0 DDIO, 0 PLL, 0 transceiver and 0 LCELL
Info (21057): Implemented 1462 device resources after synthesis - the final resource count might be different
    Info (21058): Implemented 3 input pins
    Info (21059): Implemented 14 output pins
    Info (21060): Implemented 1 bidirectional pins
    Info (21061): Implemented 1444 logic cells
Info: Quartus II 64-Bit Analysis & Synthesis was successful. 0 errors, 13 warnings
    Info: Peak virtual memory: 535 megabytes
    Info: Processing ended: Wed May 15 15:38:43 2019
    Info: Elapsed time: 00:00:05
    Info: Total CPU time (on all processors): 00:00:05


