Analysis & Synthesis report for top_seg_led
Fri Sep 07 14:48:25 2018
Quartus II 64-Bit Version 13.1.0 Build 162 10/23/2013 SJ Full Version


---------------------
; Table of Contents ;
---------------------
  1. Legal Notice
  2. Analysis & Synthesis Summary
  3. Analysis & Synthesis Settings
  4. Parallel Compilation
  5. Analysis & Synthesis Source Files Read
  6. Analysis & Synthesis Resource Usage Summary
  7. Analysis & Synthesis Resource Utilization by Entity
  8. Registers Removed During Synthesis
  9. Removed Registers Triggering Further Register Optimizations
 10. General Register Statistics
 11. Inverted Register Statistics
 12. Multiplexer Restructuring Statistics (Restructuring Performed)
 13. Parameter Settings for User Entity Instance: count:u_count
 14. Parameter Settings for Inferred Entity Instance: seg_led:u_seg_led|lpm_divide:Div1
 15. Parameter Settings for Inferred Entity Instance: seg_led:u_seg_led|lpm_divide:Mod2
 16. Parameter Settings for Inferred Entity Instance: seg_led:u_seg_led|lpm_divide:Div0
 17. Parameter Settings for Inferred Entity Instance: seg_led:u_seg_led|lpm_divide:Mod1
 18. Parameter Settings for Inferred Entity Instance: seg_led:u_seg_led|lpm_divide:Mod0
 19. Parameter Settings for Inferred Entity Instance: seg_led:u_seg_led|lpm_divide:Div2
 20. Parameter Settings for Inferred Entity Instance: seg_led:u_seg_led|lpm_divide:Mod3
 21. Parameter Settings for Inferred Entity Instance: seg_led:u_seg_led|lpm_divide:Div3
 22. Parameter Settings for Inferred Entity Instance: seg_led:u_seg_led|lpm_divide:Mod4
 23. Parameter Settings for Inferred Entity Instance: seg_led:u_seg_led|lpm_divide:Div4
 24. Elapsed Time Per Partition
 25. Analysis & Synthesis Messages



----------------
; Legal Notice ;
----------------
Copyright (C) 1991-2013 Altera Corporation
Your use of Altera Corporation's design tools, logic functions 
and other software and tools, and its AMPP partner logic 
functions, and any output files from any of the foregoing 
(including device programming or simulation files), and any 
associated documentation or information are expressly subject 
to the terms and conditions of the Altera Program License 
Subscription Agreement, Altera MegaCore Function License 
Agreement, or other applicable license agreement, including, 
without limitation, that your use is for the sole purpose of 
programming logic devices manufactured by Altera and sold by 
Altera or its authorized distributors.  Please refer to the 
applicable agreement for further details.



+----------------------------------------------------------------------------------+
; Analysis & Synthesis Summary                                                     ;
+------------------------------------+---------------------------------------------+
; Analysis & Synthesis Status        ; Successful - Fri Sep 07 14:48:25 2018       ;
; Quartus II 64-Bit Version          ; 13.1.0 Build 162 10/23/2013 SJ Full Version ;
; Revision Name                      ; top_seg_led                                 ;
; Top-level Entity Name              ; top_seg_led                                 ;
; Family                             ; Cyclone IV E                                ;
; Total logic elements               ; 2,014                                       ;
;     Total combinational functions  ; 2,012                                       ;
;     Dedicated logic registers      ; 108                                         ;
; Total registers                    ; 108                                         ;
; Total pins                         ; 16                                          ;
; Total virtual pins                 ; 0                                           ;
; Total memory bits                  ; 0                                           ;
; Embedded Multiplier 9-bit elements ; 0                                           ;
; Total PLLs                         ; 0                                           ;
+------------------------------------+---------------------------------------------+


+----------------------------------------------------------------------------------------------------------------------+
; Analysis & Synthesis Settings                                                                                        ;
+----------------------------------------------------------------------------+--------------------+--------------------+
; Option                                                                     ; Setting            ; Default Value      ;
+----------------------------------------------------------------------------+--------------------+--------------------+
; Device                                                                     ; EP4CE10F17C8       ;                    ;
; Top-level entity name                                                      ; top_seg_led        ; top_seg_led        ;
; Family name                                                                ; Cyclone IV E       ; Cyclone IV GX      ;
; Use smart compilation                                                      ; Off                ; Off                ;
; Enable parallel Assembler and TimeQuest Timing Analyzer during compilation ; On                 ; On                 ;
; Enable compact report table                                                ; Off                ; Off                ;
; Restructure Multiplexers                                                   ; Auto               ; Auto               ;
; Create Debugging Nodes for IP Cores                                        ; Off                ; Off                ;
; Preserve fewer node names                                                  ; On                 ; On                 ;
; Disable OpenCore Plus hardware evaluation                                  ; Off                ; Off                ;
; Verilog Version                                                            ; Verilog_2001       ; Verilog_2001       ;
; VHDL Version                                                               ; VHDL_1993          ; VHDL_1993          ;
; State Machine Processing                                                   ; Auto               ; Auto               ;
; Safe State Machine                                                         ; Off                ; Off                ;
; Extract Verilog State Machines                                             ; On                 ; On                 ;
; Extract VHDL State Machines                                                ; On                 ; On                 ;
; Ignore Verilog initial constructs                                          ; Off                ; Off                ;
; Iteration limit for constant Verilog loops                                 ; 5000               ; 5000               ;
; Iteration limit for non-constant Verilog loops                             ; 250                ; 250                ;
; Add Pass-Through Logic to Inferred RAMs                                    ; On                 ; On                 ;
; Infer RAMs from Raw Logic                                                  ; On                 ; On                 ;
; Parallel Synthesis                                                         ; On                 ; On                 ;
; DSP Block Balancing                                                        ; Auto               ; Auto               ;
; NOT Gate Push-Back                                                         ; On                 ; On                 ;
; Power-Up Don't Care                                                        ; On                 ; On                 ;
; Remove Redundant Logic Cells                                               ; Off                ; Off                ;
; Remove Duplicate Registers                                                 ; On                 ; On                 ;
; Ignore CARRY Buffers                                                       ; Off                ; Off                ;
; Ignore CASCADE Buffers                                                     ; Off                ; Off                ;
; Ignore GLOBAL Buffers                                                      ; Off                ; Off                ;
; Ignore ROW GLOBAL Buffers                                                  ; Off                ; Off                ;
; Ignore LCELL Buffers                                                       ; Off                ; Off                ;
; Ignore SOFT Buffers                                                        ; On                 ; On                 ;
; Limit AHDL Integers to 32 Bits                                             ; Off                ; Off                ;
; Optimization Technique                                                     ; Balanced           ; Balanced           ;
; Carry Chain Length                                                         ; 70                 ; 70                 ;
; Auto Carry Chains                                                          ; On                 ; On                 ;
; Auto Open-Drain Pins                                                       ; On                 ; On                 ;
; Perform WYSIWYG Primitive Resynthesis                                      ; Off                ; Off                ;
; Auto ROM Replacement                                                       ; On                 ; On                 ;
; Auto RAM Replacement                                                       ; On                 ; On                 ;
; Auto DSP Block Replacement                                                 ; On                 ; On                 ;
; Auto Shift Register Replacement                                            ; Auto               ; Auto               ;
; Allow Shift Register Merging across Hierarchies                            ; Auto               ; Auto               ;
; Auto Clock Enable Replacement                                              ; On                 ; On                 ;
; Strict RAM Replacement                                                     ; Off                ; Off                ;
; Allow Synchronous Control Signals                                          ; On                 ; On                 ;
; Force Use of Synchronous Clear Signals                                     ; Off                ; Off                ;
; Auto RAM Block Balancing                                                   ; On                 ; On                 ;
; Auto RAM to Logic Cell Conversion                                          ; Off                ; Off                ;
; Auto Resource Sharing                                                      ; Off                ; Off                ;
; Allow Any RAM Size For Recognition                                         ; Off                ; Off                ;
; Allow Any ROM Size For Recognition                                         ; Off                ; Off                ;
; Allow Any Shift Register Size For Recognition                              ; Off                ; Off                ;
; Use LogicLock Constraints during Resource Balancing                        ; On                 ; On                 ;
; Ignore translate_off and synthesis_off directives                          ; Off                ; Off                ;
; Timing-Driven Synthesis                                                    ; On                 ; On                 ;
; Report Parameter Settings                                                  ; On                 ; On                 ;
; Report Source Assignments                                                  ; On                 ; On                 ;
; Report Connectivity Checks                                                 ; On                 ; On                 ;
; Ignore Maximum Fan-Out Assignments                                         ; Off                ; Off                ;
; Synchronization Register Chain Length                                      ; 2                  ; 2                  ;
; PowerPlay Power Optimization                                               ; Normal compilation ; Normal compilation ;
; HDL message level                                                          ; Level2             ; Level2             ;
; Suppress Register Optimization Related Messages                            ; Off                ; Off                ;
; Number of Removed Registers Reported in Synthesis Report                   ; 5000               ; 5000               ;
; Number of Swept Nodes Reported in Synthesis Report                         ; 5000               ; 5000               ;
; Number of Inverted Registers Reported in Synthesis Report                  ; 100                ; 100                ;
; Clock MUX Protection                                                       ; On                 ; On                 ;
; Auto Gated Clock Conversion                                                ; Off                ; Off                ;
; Block Design Naming                                                        ; Auto               ; Auto               ;
; SDC constraint protection                                                  ; Off                ; Off                ;
; Synthesis Effort                                                           ; Auto               ; Auto               ;
; Shift Register Replacement - Allow Asynchronous Clear Signal               ; On                 ; On                 ;
; Pre-Mapping Resynthesis Optimization                                       ; Off                ; Off                ;
; Analysis & Synthesis Message Level                                         ; Medium             ; Medium             ;
; Disable Register Merging Across Hierarchies                                ; Auto               ; Auto               ;
; Resource Aware Inference For Block RAM                                     ; On                 ; On                 ;
; Synthesis Seed                                                             ; 1                  ; 1                  ;
+----------------------------------------------------------------------------+--------------------+--------------------+


+------------------------------------------+
; Parallel Compilation                     ;
+----------------------------+-------------+
; Processors                 ; Number      ;
+----------------------------+-------------+
; Number detected on machine ; 4           ;
; Maximum allowed            ; 4           ;
;                            ;             ;
; Average used               ; 1.00        ;
; Maximum used               ; 4           ;
;                            ;             ;
; Usage by Processor         ; % Time Used ;
;     Processor 1            ; 100.0%      ;
;     Processors 2-4         ; < 0.1%      ;
+----------------------------+-------------+


+-----------------------------------------------------------------------------------------------------------------------------------------------------------------------------------+
; Analysis & Synthesis Source Files Read                                                                                                                                            ;
+----------------------------------+-----------------+------------------------------+-------------------------------------------------------------------------------------+---------+
; File Name with User-Entered Path ; Used in Netlist ; File Type                    ; File Name with Absolute Path                                                        ; Library ;
+----------------------------------+-----------------+------------------------------+-------------------------------------------------------------------------------------+---------+
; ../rtl/count.v                   ; yes             ; User Verilog HDL File        ; E:/WarShip_Develop/EP4CE10/Verilog/6_seg_led_dynamic/rtl/count.v                    ;         ;
; ../rtl/top_seg_led.v             ; yes             ; User Verilog HDL File        ; E:/WarShip_Develop/EP4CE10/Verilog/6_seg_led_dynamic/rtl/top_seg_led.v              ;         ;
; ../rtl/seg_led.v                 ; yes             ; User Verilog HDL File        ; E:/WarShip_Develop/EP4CE10/Verilog/6_seg_led_dynamic/rtl/seg_led.v                  ;         ;
; lpm_divide.tdf                   ; yes             ; Megafunction                 ; d:/altera/13.1/quartus/libraries/megafunctions/lpm_divide.tdf                       ;         ;
; abs_divider.inc                  ; yes             ; Megafunction                 ; d:/altera/13.1/quartus/libraries/megafunctions/abs_divider.inc                      ;         ;
; sign_div_unsign.inc              ; yes             ; Megafunction                 ; d:/altera/13.1/quartus/libraries/megafunctions/sign_div_unsign.inc                  ;         ;
; aglobal131.inc                   ; yes             ; Megafunction                 ; d:/altera/13.1/quartus/libraries/megafunctions/aglobal131.inc                       ;         ;
; db/lpm_divide_0jm.tdf            ; yes             ; Auto-Generated Megafunction  ; E:/WarShip_Develop/EP4CE10/Verilog/6_seg_led_dynamic/par/db/lpm_divide_0jm.tdf      ;         ;
; db/sign_div_unsign_olh.tdf       ; yes             ; Auto-Generated Megafunction  ; E:/WarShip_Develop/EP4CE10/Verilog/6_seg_led_dynamic/par/db/sign_div_unsign_olh.tdf ;         ;
; db/alt_u_div_47f.tdf             ; yes             ; Auto-Generated Megafunction  ; E:/WarShip_Develop/EP4CE10/Verilog/6_seg_led_dynamic/par/db/alt_u_div_47f.tdf       ;         ;
; db/add_sub_7pc.tdf               ; yes             ; Auto-Generated Megafunction  ; E:/WarShip_Develop/EP4CE10/Verilog/6_seg_led_dynamic/par/db/add_sub_7pc.tdf         ;         ;
; db/add_sub_8pc.tdf               ; yes             ; Auto-Generated Megafunction  ; E:/WarShip_Develop/EP4CE10/Verilog/6_seg_led_dynamic/par/db/add_sub_8pc.tdf         ;         ;
; db/lpm_divide_0bm.tdf            ; yes             ; Auto-Generated Megafunction  ; E:/WarShip_Develop/EP4CE10/Verilog/6_seg_led_dynamic/par/db/lpm_divide_0bm.tdf      ;         ;
; db/sign_div_unsign_llh.tdf       ; yes             ; Auto-Generated Megafunction  ; E:/WarShip_Develop/EP4CE10/Verilog/6_seg_led_dynamic/par/db/sign_div_unsign_llh.tdf ;         ;
; db/alt_u_div_u6f.tdf             ; yes             ; Auto-Generated Megafunction  ; E:/WarShip_Develop/EP4CE10/Verilog/6_seg_led_dynamic/par/db/alt_u_div_u6f.tdf       ;         ;
; db/lpm_divide_tim.tdf            ; yes             ; Auto-Generated Megafunction  ; E:/WarShip_Develop/EP4CE10/Verilog/6_seg_led_dynamic/par/db/lpm_divide_tim.tdf      ;         ;
; db/lpm_divide_akm.tdf            ; yes             ; Auto-Generated Megafunction  ; E:/WarShip_Develop/EP4CE10/Verilog/6_seg_led_dynamic/par/db/lpm_divide_akm.tdf      ;         ;
; db/sign_div_unsign_2nh.tdf       ; yes             ; Auto-Generated Megafunction  ; E:/WarShip_Develop/EP4CE10/Verilog/6_seg_led_dynamic/par/db/sign_div_unsign_2nh.tdf ;         ;
; db/alt_u_div_o9f.tdf             ; yes             ; Auto-Generated Megafunction  ; E:/WarShip_Develop/EP4CE10/Verilog/6_seg_led_dynamic/par/db/alt_u_div_o9f.tdf       ;         ;
; db/lpm_divide_ekm.tdf            ; yes             ; Auto-Generated Megafunction  ; E:/WarShip_Develop/EP4CE10/Verilog/6_seg_led_dynamic/par/db/lpm_divide_ekm.tdf      ;         ;
; db/sign_div_unsign_6nh.tdf       ; yes             ; Auto-Generated Megafunction  ; E:/WarShip_Develop/EP4CE10/Verilog/6_seg_led_dynamic/par/db/sign_div_unsign_6nh.tdf ;         ;
; db/alt_u_div_0af.tdf             ; yes             ; Auto-Generated Megafunction  ; E:/WarShip_Develop/EP4CE10/Verilog/6_seg_led_dynamic/par/db/alt_u_div_0af.tdf       ;         ;
; db/lpm_divide_hkm.tdf            ; yes             ; Auto-Generated Megafunction  ; E:/WarShip_Develop/EP4CE10/Verilog/6_seg_led_dynamic/par/db/lpm_divide_hkm.tdf      ;         ;
; db/sign_div_unsign_9nh.tdf       ; yes             ; Auto-Generated Megafunction  ; E:/WarShip_Develop/EP4CE10/Verilog/6_seg_led_dynamic/par/db/sign_div_unsign_9nh.tdf ;         ;
; db/alt_u_div_6af.tdf             ; yes             ; Auto-Generated Megafunction  ; E:/WarShip_Develop/EP4CE10/Verilog/6_seg_led_dynamic/par/db/alt_u_div_6af.tdf       ;         ;
+----------------------------------+-----------------+------------------------------+-------------------------------------------------------------------------------------+---------+


+---------------------------------------------------------------+
; Analysis & Synthesis Resource Usage Summary                   ;
+---------------------------------------------+-----------------+
; Resource                                    ; Usage           ;
+---------------------------------------------+-----------------+
; Estimated Total logic elements              ; 2,014           ;
;                                             ;                 ;
; Total combinational functions               ; 2012            ;
; Logic element usage by number of LUT inputs ;                 ;
;     -- 4 input functions                    ; 406             ;
;     -- 3 input functions                    ; 547             ;
;     -- <=2 input functions                  ; 1059            ;
;                                             ;                 ;
; Logic elements by mode                      ;                 ;
;     -- normal mode                          ; 1380            ;
;     -- arithmetic mode                      ; 632             ;
;                                             ;                 ;
; Total registers                             ; 108             ;
;     -- Dedicated logic registers            ; 108             ;
;     -- I/O registers                        ; 0               ;
;                                             ;                 ;
; I/O pins                                    ; 16              ;
; Embedded Multiplier 9-bit elements          ; 0               ;
; Maximum fan-out node                        ; sys_rst_n~input ;
; Maximum fan-out                             ; 108             ;
; Total fan-out                               ; 5569            ;
; Average fan-out                             ; 2.59            ;
+---------------------------------------------+-----------------+


+-------------------------------------------------------------------------------------------------------------------------------------------------------------------------------------------------------------------------------------------------------------------------------------------------------+
; Analysis & Synthesis Resource Utilization by Entity                                                                                                                                                                                                                                                   ;
+-------------------------------------------+-------------------+--------------+-------------+--------------+---------+-----------+------+--------------+--------------------------------------------------------------------------------------------------------------------------------+--------------+
; Compilation Hierarchy Node                ; LC Combinationals ; LC Registers ; Memory Bits ; DSP Elements ; DSP 9x9 ; DSP 18x18 ; Pins ; Virtual Pins ; Full Hierarchy Name                                                                                                            ; Library Name ;
+-------------------------------------------+-------------------+--------------+-------------+--------------+---------+-----------+------+--------------+--------------------------------------------------------------------------------------------------------------------------------+--------------+
; |top_seg_led                              ; 2012 (0)          ; 108 (0)      ; 0           ; 0            ; 0       ; 0         ; 16   ; 0            ; |top_seg_led                                                                                                                   ; work         ;
;    |count:u_count|                        ; 59 (59)           ; 45 (45)      ; 0           ; 0            ; 0       ; 0         ; 0    ; 0            ; |top_seg_led|count:u_count                                                                                                     ; work         ;
;    |seg_led:u_seg_led|                    ; 1953 (76)         ; 63 (63)      ; 0           ; 0            ; 0       ; 0         ; 0    ; 0            ; |top_seg_led|seg_led:u_seg_led                                                                                                 ; work         ;
;       |lpm_divide:Div0|                   ; 212 (0)           ; 0 (0)        ; 0           ; 0            ; 0       ; 0         ; 0    ; 0            ; |top_seg_led|seg_led:u_seg_led|lpm_divide:Div0                                                                                 ; work         ;
;          |lpm_divide_tim:auto_generated|  ; 212 (0)           ; 0 (0)        ; 0           ; 0            ; 0       ; 0         ; 0    ; 0            ; |top_seg_led|seg_led:u_seg_led|lpm_divide:Div0|lpm_divide_tim:auto_generated                                                   ; work         ;
;             |sign_div_unsign_llh:divider| ; 212 (0)           ; 0 (0)        ; 0           ; 0            ; 0       ; 0         ; 0    ; 0            ; |top_seg_led|seg_led:u_seg_led|lpm_divide:Div0|lpm_divide_tim:auto_generated|sign_div_unsign_llh:divider                       ; work         ;
;                |alt_u_div_u6f:divider|    ; 212 (212)         ; 0 (0)        ; 0           ; 0            ; 0       ; 0         ; 0    ; 0            ; |top_seg_led|seg_led:u_seg_led|lpm_divide:Div0|lpm_divide_tim:auto_generated|sign_div_unsign_llh:divider|alt_u_div_u6f:divider ; work         ;
;       |lpm_divide:Div1|                   ; 253 (0)           ; 0 (0)        ; 0           ; 0            ; 0       ; 0         ; 0    ; 0            ; |top_seg_led|seg_led:u_seg_led|lpm_divide:Div1                                                                                 ; work         ;
;          |lpm_divide_0jm:auto_generated|  ; 253 (0)           ; 0 (0)        ; 0           ; 0            ; 0       ; 0         ; 0    ; 0            ; |top_seg_led|seg_led:u_seg_led|lpm_divide:Div1|lpm_divide_0jm:auto_generated                                                   ; work         ;
;             |sign_div_unsign_olh:divider| ; 253 (0)           ; 0 (0)        ; 0           ; 0            ; 0       ; 0         ; 0    ; 0            ; |top_seg_led|seg_led:u_seg_led|lpm_divide:Div1|lpm_divide_0jm:auto_generated|sign_div_unsign_olh:divider                       ; work         ;
;                |alt_u_div_47f:divider|    ; 253 (253)         ; 0 (0)        ; 0           ; 0            ; 0       ; 0         ; 0    ; 0            ; |top_seg_led|seg_led:u_seg_led|lpm_divide:Div1|lpm_divide_0jm:auto_generated|sign_div_unsign_olh:divider|alt_u_div_47f:divider ; work         ;
;       |lpm_divide:Div2|                   ; 309 (0)           ; 0 (0)        ; 0           ; 0            ; 0       ; 0         ; 0    ; 0            ; |top_seg_led|seg_led:u_seg_led|lpm_divide:Div2                                                                                 ; work         ;
;          |lpm_divide_akm:auto_generated|  ; 309 (0)           ; 0 (0)        ; 0           ; 0            ; 0       ; 0         ; 0    ; 0            ; |top_seg_led|seg_led:u_seg_led|lpm_divide:Div2|lpm_divide_akm:auto_generated                                                   ; work         ;
;             |sign_div_unsign_2nh:divider| ; 309 (0)           ; 0 (0)        ; 0           ; 0            ; 0       ; 0         ; 0    ; 0            ; |top_seg_led|seg_led:u_seg_led|lpm_divide:Div2|lpm_divide_akm:auto_generated|sign_div_unsign_2nh:divider                       ; work         ;
;                |alt_u_div_o9f:divider|    ; 309 (309)         ; 0 (0)        ; 0           ; 0            ; 0       ; 0         ; 0    ; 0            ; |top_seg_led|seg_led:u_seg_led|lpm_divide:Div2|lpm_divide_akm:auto_generated|sign_div_unsign_2nh:divider|alt_u_div_o9f:divider ; work         ;
;       |lpm_divide:Div3|                   ; 251 (0)           ; 0 (0)        ; 0           ; 0            ; 0       ; 0         ; 0    ; 0            ; |top_seg_led|seg_led:u_seg_led|lpm_divide:Div3                                                                                 ; work         ;
;          |lpm_divide_ekm:auto_generated|  ; 251 (0)           ; 0 (0)        ; 0           ; 0            ; 0       ; 0         ; 0    ; 0            ; |top_seg_led|seg_led:u_seg_led|lpm_divide:Div3|lpm_divide_ekm:auto_generated                                                   ; work         ;
;             |sign_div_unsign_6nh:divider| ; 251 (0)           ; 0 (0)        ; 0           ; 0            ; 0       ; 0         ; 0    ; 0            ; |top_seg_led|seg_led:u_seg_led|lpm_divide:Div3|lpm_divide_ekm:auto_generated|sign_div_unsign_6nh:divider                       ; work         ;
;                |alt_u_div_0af:divider|    ; 251 (251)         ; 0 (0)        ; 0           ; 0            ; 0       ; 0         ; 0    ; 0            ; |top_seg_led|seg_led:u_seg_led|lpm_divide:Div3|lpm_divide_ekm:auto_generated|sign_div_unsign_6nh:divider|alt_u_div_0af:divider ; work         ;
;       |lpm_divide:Div4|                   ; 142 (0)           ; 0 (0)        ; 0           ; 0            ; 0       ; 0         ; 0    ; 0            ; |top_seg_led|seg_led:u_seg_led|lpm_divide:Div4                                                                                 ; work         ;
;          |lpm_divide_hkm:auto_generated|  ; 142 (0)           ; 0 (0)        ; 0           ; 0            ; 0       ; 0         ; 0    ; 0            ; |top_seg_led|seg_led:u_seg_led|lpm_divide:Div4|lpm_divide_hkm:auto_generated                                                   ; work         ;
;             |sign_div_unsign_9nh:divider| ; 142 (0)           ; 0 (0)        ; 0           ; 0            ; 0       ; 0         ; 0    ; 0            ; |top_seg_led|seg_led:u_seg_led|lpm_divide:Div4|lpm_divide_hkm:auto_generated|sign_div_unsign_9nh:divider                       ; work         ;
;                |alt_u_div_6af:divider|    ; 142 (142)         ; 0 (0)        ; 0           ; 0            ; 0       ; 0         ; 0    ; 0            ; |top_seg_led|seg_led:u_seg_led|lpm_divide:Div4|lpm_divide_hkm:auto_generated|sign_div_unsign_9nh:divider|alt_u_div_6af:divider ; work         ;
;       |lpm_divide:Mod0|                   ; 215 (0)           ; 0 (0)        ; 0           ; 0            ; 0       ; 0         ; 0    ; 0            ; |top_seg_led|seg_led:u_seg_led|lpm_divide:Mod0                                                                                 ; work         ;
;          |lpm_divide_0bm:auto_generated|  ; 215 (0)           ; 0 (0)        ; 0           ; 0            ; 0       ; 0         ; 0    ; 0            ; |top_seg_led|seg_led:u_seg_led|lpm_divide:Mod0|lpm_divide_0bm:auto_generated                                                   ; work         ;
;             |sign_div_unsign_llh:divider| ; 215 (0)           ; 0 (0)        ; 0           ; 0            ; 0       ; 0         ; 0    ; 0            ; |top_seg_led|seg_led:u_seg_led|lpm_divide:Mod0|lpm_divide_0bm:auto_generated|sign_div_unsign_llh:divider                       ; work         ;
;                |alt_u_div_u6f:divider|    ; 215 (215)         ; 0 (0)        ; 0           ; 0            ; 0       ; 0         ; 0    ; 0            ; |top_seg_led|seg_led:u_seg_led|lpm_divide:Mod0|lpm_divide_0bm:auto_generated|sign_div_unsign_llh:divider|alt_u_div_u6f:divider ; work         ;
;       |lpm_divide:Mod1|                   ; 186 (0)           ; 0 (0)        ; 0           ; 0            ; 0       ; 0         ; 0    ; 0            ; |top_seg_led|seg_led:u_seg_led|lpm_divide:Mod1                                                                                 ; work         ;
;          |lpm_divide_0bm:auto_generated|  ; 186 (0)           ; 0 (0)        ; 0           ; 0            ; 0       ; 0         ; 0    ; 0            ; |top_seg_led|seg_led:u_seg_led|lpm_divide:Mod1|lpm_divide_0bm:auto_generated                                                   ; work         ;
;             |sign_div_unsign_llh:divider| ; 186 (0)           ; 0 (0)        ; 0           ; 0            ; 0       ; 0         ; 0    ; 0            ; |top_seg_led|seg_led:u_seg_led|lpm_divide:Mod1|lpm_divide_0bm:auto_generated|sign_div_unsign_llh:divider                       ; work         ;
;                |alt_u_div_u6f:divider|    ; 186 (186)         ; 0 (0)        ; 0           ; 0            ; 0       ; 0         ; 0    ; 0            ; |top_seg_led|seg_led:u_seg_led|lpm_divide:Mod1|lpm_divide_0bm:auto_generated|sign_div_unsign_llh:divider|alt_u_div_u6f:divider ; work         ;
;       |lpm_divide:Mod2|                   ; 149 (0)           ; 0 (0)        ; 0           ; 0            ; 0       ; 0         ; 0    ; 0            ; |top_seg_led|seg_led:u_seg_led|lpm_divide:Mod2                                                                                 ; work         ;
;          |lpm_divide_0bm:auto_generated|  ; 149 (0)           ; 0 (0)        ; 0           ; 0            ; 0       ; 0         ; 0    ; 0            ; |top_seg_led|seg_led:u_seg_led|lpm_divide:Mod2|lpm_divide_0bm:auto_generated                                                   ; work         ;
;             |sign_div_unsign_llh:divider| ; 149 (0)           ; 0 (0)        ; 0           ; 0            ; 0       ; 0         ; 0    ; 0            ; |top_seg_led|seg_led:u_seg_led|lpm_divide:Mod2|lpm_divide_0bm:auto_generated|sign_div_unsign_llh:divider                       ; work         ;
;                |alt_u_div_u6f:divider|    ; 149 (149)         ; 0 (0)        ; 0           ; 0            ; 0       ; 0         ; 0    ; 0            ; |top_seg_led|seg_led:u_seg_led|lpm_divide:Mod2|lpm_divide_0bm:auto_generated|sign_div_unsign_llh:divider|alt_u_div_u6f:divider ; work         ;
;       |lpm_divide:Mod3|                   ; 108 (0)           ; 0 (0)        ; 0           ; 0            ; 0       ; 0         ; 0    ; 0            ; |top_seg_led|seg_led:u_seg_led|lpm_divide:Mod3                                                                                 ; work         ;
;          |lpm_divide_0bm:auto_generated|  ; 108 (0)           ; 0 (0)        ; 0           ; 0            ; 0       ; 0         ; 0    ; 0            ; |top_seg_led|seg_led:u_seg_led|lpm_divide:Mod3|lpm_divide_0bm:auto_generated                                                   ; work         ;
;             |sign_div_unsign_llh:divider| ; 108 (0)           ; 0 (0)        ; 0           ; 0            ; 0       ; 0         ; 0    ; 0            ; |top_seg_led|seg_led:u_seg_led|lpm_divide:Mod3|lpm_divide_0bm:auto_generated|sign_div_unsign_llh:divider                       ; work         ;
;                |alt_u_div_u6f:divider|    ; 108 (108)         ; 0 (0)        ; 0           ; 0            ; 0       ; 0         ; 0    ; 0            ; |top_seg_led|seg_led:u_seg_led|lpm_divide:Mod3|lpm_divide_0bm:auto_generated|sign_div_unsign_llh:divider|alt_u_div_u6f:divider ; work         ;
;       |lpm_divide:Mod4|                   ; 52 (0)            ; 0 (0)        ; 0           ; 0            ; 0       ; 0         ; 0    ; 0            ; |top_seg_led|seg_led:u_seg_led|lpm_divide:Mod4                                                                                 ; work         ;
;          |lpm_divide_0bm:auto_generated|  ; 52 (0)            ; 0 (0)        ; 0           ; 0            ; 0       ; 0         ; 0    ; 0            ; |top_seg_led|seg_led:u_seg_led|lpm_divide:Mod4|lpm_divide_0bm:auto_generated                                                   ; work         ;
;             |sign_div_unsign_llh:divider| ; 52 (0)            ; 0 (0)        ; 0           ; 0            ; 0       ; 0         ; 0    ; 0            ; |top_seg_led|seg_led:u_seg_led|lpm_divide:Mod4|lpm_divide_0bm:auto_generated|sign_div_unsign_llh:divider                       ; work         ;
;                |alt_u_div_u6f:divider|    ; 52 (52)           ; 0 (0)        ; 0           ; 0            ; 0       ; 0         ; 0    ; 0            ; |top_seg_led|seg_led:u_seg_led|lpm_divide:Mod4|lpm_divide_0bm:auto_generated|sign_div_unsign_llh:divider|alt_u_div_u6f:divider ; work         ;
+-------------------------------------------+-------------------+--------------+-------------+--------------+---------+-----------+------+--------------+--------------------------------------------------------------------------------------------------------------------------------+--------------+
Note: For table entries with two numbers listed, the numbers in parentheses indicate the number of resources of the given type used by the specific entity alone. The numbers listed outside of parentheses indicate the total resources of the given type used by the specific entity and all of its sub-entities in the hierarchy.


+--------------------------------------------------------------------------------+
; Registers Removed During Synthesis                                             ;
+---------------------------------------+----------------------------------------+
; Register name                         ; Reason for Removal                     ;
+---------------------------------------+----------------------------------------+
; count:u_count|sign                    ; Stuck at GND due to stuck port data_in ;
; count:u_count|point[0..5]             ; Stuck at GND due to stuck port data_in ;
; seg_led:u_seg_led|dot_disp            ; Stuck at VCC due to stuck port data_in ;
; seg_led:u_seg_led|seg_led[7]          ; Stuck at VCC due to stuck port data_in ;
; Total Number of Removed Registers = 9 ;                                        ;
+---------------------------------------+----------------------------------------+


+---------------------------------------------------------------------------------------------------------------+
; Removed Registers Triggering Further Register Optimizations                                                   ;
+------------------------+---------------------------+----------------------------------------------------------+
; Register name          ; Reason for Removal        ; Registers Removed due to This Register                   ;
+------------------------+---------------------------+----------------------------------------------------------+
; count:u_count|point[5] ; Stuck at GND              ; seg_led:u_seg_led|dot_disp, seg_led:u_seg_led|seg_led[7] ;
;                        ; due to stuck port data_in ;                                                          ;
+------------------------+---------------------------+----------------------------------------------------------+


+------------------------------------------------------+
; General Register Statistics                          ;
+----------------------------------------------+-------+
; Statistic                                    ; Value ;
+----------------------------------------------+-------+
; Total registers                              ; 108   ;
; Number of registers using Synchronous Clear  ; 60    ;
; Number of registers using Synchronous Load   ; 4     ;
; Number of registers using Asynchronous Clear ; 108   ;
; Number of registers using Asynchronous Load  ; 0     ;
; Number of registers using Clock Enable       ; 23    ;
; Number of registers using Preset             ; 0     ;
+----------------------------------------------+-------+


+--------------------------------------------------+
; Inverted Register Statistics                     ;
+----------------------------------------+---------+
; Inverted Register                      ; Fan out ;
+----------------------------------------+---------+
; seg_led:u_seg_led|seg_sel[0]           ; 1       ;
; seg_led:u_seg_led|seg_sel[1]           ; 1       ;
; seg_led:u_seg_led|seg_sel[2]           ; 1       ;
; seg_led:u_seg_led|seg_sel[3]           ; 1       ;
; seg_led:u_seg_led|seg_sel[4]           ; 1       ;
; seg_led:u_seg_led|seg_sel[5]           ; 1       ;
; seg_led:u_seg_led|seg_led[6]           ; 1       ;
; seg_led:u_seg_led|dri_clk              ; 59      ;
; Total number of inverted registers = 8 ;         ;
+----------------------------------------+---------+


+----------------------------------------------------------------------------------------------------------------------------------------------------------+
; Multiplexer Restructuring Statistics (Restructuring Performed)                                                                                           ;
+--------------------+-----------+---------------+----------------------+------------------------+------------+--------------------------------------------+
; Multiplexer Inputs ; Bus Width ; Baseline Area ; Area if Restructured ; Saving if Restructured ; Registered ; Example Multiplexer Output                 ;
+--------------------+-----------+---------------+----------------------+------------------------+------------+--------------------------------------------+
; 9:1                ; 4 bits    ; 24 LEs        ; 16 LEs               ; 8 LEs                  ; Yes        ; |top_seg_led|seg_led:u_seg_led|num_disp[3] ;
+--------------------+-----------+---------------+----------------------+------------------------+------------+--------------------------------------------+


+------------------------------------------------------------+
; Parameter Settings for User Entity Instance: count:u_count ;
+----------------+-------------------------+-----------------+
; Parameter Name ; Value                   ; Type            ;
+----------------+-------------------------+-----------------+
; MAX_NUM        ; 10011000100101101000000 ; Unsigned Binary ;
+----------------+-------------------------+-----------------+
Note: In order to hide this table in the UI and the text report file, please set the "Show Parameter Settings in Synthesis Report" option in "Analysis and Synthesis Settings -> More Settings" to "Off".


+------------------------------------------------------------------------------------+
; Parameter Settings for Inferred Entity Instance: seg_led:u_seg_led|lpm_divide:Div1 ;
+------------------------+----------------+------------------------------------------+
; Parameter Name         ; Value          ; Type                                     ;
+------------------------+----------------+------------------------------------------+
; LPM_WIDTHN             ; 20             ; Untyped                                  ;
; LPM_WIDTHD             ; 7              ; Untyped                                  ;
; LPM_NREPRESENTATION    ; UNSIGNED       ; Untyped                                  ;
; LPM_DREPRESENTATION    ; UNSIGNED       ; Untyped                                  ;
; LPM_PIPELINE           ; 0              ; Untyped                                  ;
; LPM_REMAINDERPOSITIVE  ; TRUE           ; Untyped                                  ;
; MAXIMIZE_SPEED         ; 5              ; Untyped                                  ;
; CBXI_PARAMETER         ; lpm_divide_0jm ; Untyped                                  ;
; CARRY_CHAIN            ; MANUAL         ; Untyped                                  ;
; OPTIMIZE_FOR_SPEED     ; 5              ; Untyped                                  ;
; AUTO_CARRY_CHAINS      ; ON             ; AUTO_CARRY                               ;
; IGNORE_CARRY_BUFFERS   ; OFF            ; IGNORE_CARRY                             ;
; AUTO_CASCADE_CHAINS    ; ON             ; AUTO_CASCADE                             ;
; IGNORE_CASCADE_BUFFERS ; OFF            ; IGNORE_CASCADE                           ;
+------------------------+----------------+------------------------------------------+
Note: In order to hide this table in the UI and the text report file, please set the "Show Parameter Settings in Synthesis Report" option in "Analysis and Synthesis Settings -> More Settings" to "Off".


+------------------------------------------------------------------------------------+
; Parameter Settings for Inferred Entity Instance: seg_led:u_seg_led|lpm_divide:Mod2 ;
+------------------------+----------------+------------------------------------------+
; Parameter Name         ; Value          ; Type                                     ;
+------------------------+----------------+------------------------------------------+
; LPM_WIDTHN             ; 20             ; Untyped                                  ;
; LPM_WIDTHD             ; 4              ; Untyped                                  ;
; LPM_NREPRESENTATION    ; UNSIGNED       ; Untyped                                  ;
; LPM_DREPRESENTATION    ; UNSIGNED       ; Untyped                                  ;
; LPM_PIPELINE           ; 0              ; Untyped                                  ;
; LPM_REMAINDERPOSITIVE  ; TRUE           ; Untyped                                  ;
; MAXIMIZE_SPEED         ; 5              ; Untyped                                  ;
; CBXI_PARAMETER         ; lpm_divide_0bm ; Untyped                                  ;
; CARRY_CHAIN            ; MANUAL         ; Untyped                                  ;
; OPTIMIZE_FOR_SPEED     ; 5              ; Untyped                                  ;
; AUTO_CARRY_CHAINS      ; ON             ; AUTO_CARRY                               ;
; IGNORE_CARRY_BUFFERS   ; OFF            ; IGNORE_CARRY                             ;
; AUTO_CASCADE_CHAINS    ; ON             ; AUTO_CASCADE                             ;
; IGNORE_CASCADE_BUFFERS ; OFF            ; IGNORE_CASCADE                           ;
+------------------------+----------------+------------------------------------------+
Note: In order to hide this table in the UI and the text report file, please set the "Show Parameter Settings in Synthesis Report" option in "Analysis and Synthesis Settings -> More Settings" to "Off".


+------------------------------------------------------------------------------------+
; Parameter Settings for Inferred Entity Instance: seg_led:u_seg_led|lpm_divide:Div0 ;
+------------------------+----------------+------------------------------------------+
; Parameter Name         ; Value          ; Type                                     ;
+------------------------+----------------+------------------------------------------+
; LPM_WIDTHN             ; 20             ; Untyped                                  ;
; LPM_WIDTHD             ; 4              ; Untyped                                  ;
; LPM_NREPRESENTATION    ; UNSIGNED       ; Untyped                                  ;
; LPM_DREPRESENTATION    ; UNSIGNED       ; Untyped                                  ;
; LPM_PIPELINE           ; 0              ; Untyped                                  ;
; LPM_REMAINDERPOSITIVE  ; TRUE           ; Untyped                                  ;
; MAXIMIZE_SPEED         ; 5              ; Untyped                                  ;
; CBXI_PARAMETER         ; lpm_divide_tim ; Untyped                                  ;
; CARRY_CHAIN            ; MANUAL         ; Untyped                                  ;
; OPTIMIZE_FOR_SPEED     ; 5              ; Untyped                                  ;
; AUTO_CARRY_CHAINS      ; ON             ; AUTO_CARRY                               ;
; IGNORE_CARRY_BUFFERS   ; OFF            ; IGNORE_CARRY                             ;
; AUTO_CASCADE_CHAINS    ; ON             ; AUTO_CASCADE                             ;
; IGNORE_CASCADE_BUFFERS ; OFF            ; IGNORE_CASCADE                           ;
+------------------------+----------------+------------------------------------------+
Note: In order to hide this table in the UI and the text report file, please set the "Show Parameter Settings in Synthesis Report" option in "Analysis and Synthesis Settings -> More Settings" to "Off".


+------------------------------------------------------------------------------------+
; Parameter Settings for Inferred Entity Instance: seg_led:u_seg_led|lpm_divide:Mod1 ;
+------------------------+----------------+------------------------------------------+
; Parameter Name         ; Value          ; Type                                     ;
+------------------------+----------------+------------------------------------------+
; LPM_WIDTHN             ; 20             ; Untyped                                  ;
; LPM_WIDTHD             ; 4              ; Untyped                                  ;
; LPM_NREPRESENTATION    ; UNSIGNED       ; Untyped                                  ;
; LPM_DREPRESENTATION    ; UNSIGNED       ; Untyped                                  ;
; LPM_PIPELINE           ; 0              ; Untyped                                  ;
; LPM_REMAINDERPOSITIVE  ; TRUE           ; Untyped                                  ;
; MAXIMIZE_SPEED         ; 5              ; Untyped                                  ;
; CBXI_PARAMETER         ; lpm_divide_0bm ; Untyped                                  ;
; CARRY_CHAIN            ; MANUAL         ; Untyped                                  ;
; OPTIMIZE_FOR_SPEED     ; 5              ; Untyped                                  ;
; AUTO_CARRY_CHAINS      ; ON             ; AUTO_CARRY                               ;
; IGNORE_CARRY_BUFFERS   ; OFF            ; IGNORE_CARRY                             ;
; AUTO_CASCADE_CHAINS    ; ON             ; AUTO_CASCADE                             ;
; IGNORE_CASCADE_BUFFERS ; OFF            ; IGNORE_CASCADE                           ;
+------------------------+----------------+------------------------------------------+
Note: In order to hide this table in the UI and the text report file, please set the "Show Parameter Settings in Synthesis Report" option in "Analysis and Synthesis Settings -> More Settings" to "Off".


+------------------------------------------------------------------------------------+
; Parameter Settings for Inferred Entity Instance: seg_led:u_seg_led|lpm_divide:Mod0 ;
+------------------------+----------------+------------------------------------------+
; Parameter Name         ; Value          ; Type                                     ;
+------------------------+----------------+------------------------------------------+
; LPM_WIDTHN             ; 20             ; Untyped                                  ;
; LPM_WIDTHD             ; 4              ; Untyped                                  ;
; LPM_NREPRESENTATION    ; UNSIGNED       ; Untyped                                  ;
; LPM_DREPRESENTATION    ; UNSIGNED       ; Untyped                                  ;
; LPM_PIPELINE           ; 0              ; Untyped                                  ;
; LPM_REMAINDERPOSITIVE  ; TRUE           ; Untyped                                  ;
; MAXIMIZE_SPEED         ; 5              ; Untyped                                  ;
; CBXI_PARAMETER         ; lpm_divide_0bm ; Untyped                                  ;
; CARRY_CHAIN            ; MANUAL         ; Untyped                                  ;
; OPTIMIZE_FOR_SPEED     ; 5              ; Untyped                                  ;
; AUTO_CARRY_CHAINS      ; ON             ; AUTO_CARRY                               ;
; IGNORE_CARRY_BUFFERS   ; OFF            ; IGNORE_CARRY                             ;
; AUTO_CASCADE_CHAINS    ; ON             ; AUTO_CASCADE                             ;
; IGNORE_CASCADE_BUFFERS ; OFF            ; IGNORE_CASCADE                           ;
+------------------------+----------------+------------------------------------------+
Note: In order to hide this table in the UI and the text report file, please set the "Show Parameter Settings in Synthesis Report" option in "Analysis and Synthesis Settings -> More Settings" to "Off".


+------------------------------------------------------------------------------------+
; Parameter Settings for Inferred Entity Instance: seg_led:u_seg_led|lpm_divide:Div2 ;
+------------------------+----------------+------------------------------------------+
; Parameter Name         ; Value          ; Type                                     ;
+------------------------+----------------+------------------------------------------+
; LPM_WIDTHN             ; 20             ; Untyped                                  ;
; LPM_WIDTHD             ; 10             ; Untyped                                  ;
; LPM_NREPRESENTATION    ; UNSIGNED       ; Untyped                                  ;
; LPM_DREPRESENTATION    ; UNSIGNED       ; Untyped                                  ;
; LPM_PIPELINE           ; 0              ; Untyped                                  ;
; LPM_REMAINDERPOSITIVE  ; TRUE           ; Untyped                                  ;
; MAXIMIZE_SPEED         ; 5              ; Untyped                                  ;
; CBXI_PARAMETER         ; lpm_divide_akm ; Untyped                                  ;
; CARRY_CHAIN            ; MANUAL         ; Untyped                                  ;
; OPTIMIZE_FOR_SPEED     ; 5              ; Untyped                                  ;
; AUTO_CARRY_CHAINS      ; ON             ; AUTO_CARRY                               ;
; IGNORE_CARRY_BUFFERS   ; OFF            ; IGNORE_CARRY                             ;
; AUTO_CASCADE_CHAINS    ; ON             ; AUTO_CASCADE                             ;
; IGNORE_CASCADE_BUFFERS ; OFF            ; IGNORE_CASCADE                           ;
+------------------------+----------------+------------------------------------------+
Note: In order to hide this table in the UI and the text report file, please set the "Show Parameter Settings in Synthesis Report" option in "Analysis and Synthesis Settings -> More Settings" to "Off".


+------------------------------------------------------------------------------------+
; Parameter Settings for Inferred Entity Instance: seg_led:u_seg_led|lpm_divide:Mod3 ;
+------------------------+----------------+------------------------------------------+
; Parameter Name         ; Value          ; Type                                     ;
+------------------------+----------------+------------------------------------------+
; LPM_WIDTHN             ; 20             ; Untyped                                  ;
; LPM_WIDTHD             ; 4              ; Untyped                                  ;
; LPM_NREPRESENTATION    ; UNSIGNED       ; Untyped                                  ;
; LPM_DREPRESENTATION    ; UNSIGNED       ; Untyped                                  ;
; LPM_PIPELINE           ; 0              ; Untyped                                  ;
; LPM_REMAINDERPOSITIVE  ; TRUE           ; Untyped                                  ;
; MAXIMIZE_SPEED         ; 5              ; Untyped                                  ;
; CBXI_PARAMETER         ; lpm_divide_0bm ; Untyped                                  ;
; CARRY_CHAIN            ; MANUAL         ; Untyped                                  ;
; OPTIMIZE_FOR_SPEED     ; 5              ; Untyped                                  ;
; AUTO_CARRY_CHAINS      ; ON             ; AUTO_CARRY                               ;
; IGNORE_CARRY_BUFFERS   ; OFF            ; IGNORE_CARRY                             ;
; AUTO_CASCADE_CHAINS    ; ON             ; AUTO_CASCADE                             ;
; IGNORE_CASCADE_BUFFERS ; OFF            ; IGNORE_CASCADE                           ;
+------------------------+----------------+------------------------------------------+
Note: In order to hide this table in the UI and the text report file, please set the "Show Parameter Settings in Synthesis Report" option in "Analysis and Synthesis Settings -> More Settings" to "Off".


+------------------------------------------------------------------------------------+
; Parameter Settings for Inferred Entity Instance: seg_led:u_seg_led|lpm_divide:Div3 ;
+------------------------+----------------+------------------------------------------+
; Parameter Name         ; Value          ; Type                                     ;
+------------------------+----------------+------------------------------------------+
; LPM_WIDTHN             ; 20             ; Untyped                                  ;
; LPM_WIDTHD             ; 14             ; Untyped                                  ;
; LPM_NREPRESENTATION    ; UNSIGNED       ; Untyped                                  ;
; LPM_DREPRESENTATION    ; UNSIGNED       ; Untyped                                  ;
; LPM_PIPELINE           ; 0              ; Untyped                                  ;
; LPM_REMAINDERPOSITIVE  ; TRUE           ; Untyped                                  ;
; MAXIMIZE_SPEED         ; 5              ; Untyped                                  ;
; CBXI_PARAMETER         ; lpm_divide_ekm ; Untyped                                  ;
; CARRY_CHAIN            ; MANUAL         ; Untyped                                  ;
; OPTIMIZE_FOR_SPEED     ; 5              ; Untyped                                  ;
; AUTO_CARRY_CHAINS      ; ON             ; AUTO_CARRY                               ;
; IGNORE_CARRY_BUFFERS   ; OFF            ; IGNORE_CARRY                             ;
; AUTO_CASCADE_CHAINS    ; ON             ; AUTO_CASCADE                             ;
; IGNORE_CASCADE_BUFFERS ; OFF            ; IGNORE_CASCADE                           ;
+------------------------+----------------+------------------------------------------+
Note: In order to hide this table in the UI and the text report file, please set the "Show Parameter Settings in Synthesis Report" option in "Analysis and Synthesis Settings -> More Settings" to "Off".


+------------------------------------------------------------------------------------+
; Parameter Settings for Inferred Entity Instance: seg_led:u_seg_led|lpm_divide:Mod4 ;
+------------------------+----------------+------------------------------------------+
; Parameter Name         ; Value          ; Type                                     ;
+------------------------+----------------+------------------------------------------+
; LPM_WIDTHN             ; 20             ; Untyped                                  ;
; LPM_WIDTHD             ; 4              ; Untyped                                  ;
; LPM_NREPRESENTATION    ; UNSIGNED       ; Untyped                                  ;
; LPM_DREPRESENTATION    ; UNSIGNED       ; Untyped                                  ;
; LPM_PIPELINE           ; 0              ; Untyped                                  ;
; LPM_REMAINDERPOSITIVE  ; TRUE           ; Untyped                                  ;
; MAXIMIZE_SPEED         ; 5              ; Untyped                                  ;
; CBXI_PARAMETER         ; lpm_divide_0bm ; Untyped                                  ;
; CARRY_CHAIN            ; MANUAL         ; Untyped                                  ;
; OPTIMIZE_FOR_SPEED     ; 5              ; Untyped                                  ;
; AUTO_CARRY_CHAINS      ; ON             ; AUTO_CARRY                               ;
; IGNORE_CARRY_BUFFERS   ; OFF            ; IGNORE_CARRY                             ;
; AUTO_CASCADE_CHAINS    ; ON             ; AUTO_CASCADE                             ;
; IGNORE_CASCADE_BUFFERS ; OFF            ; IGNORE_CASCADE                           ;
+------------------------+----------------+------------------------------------------+
Note: In order to hide this table in the UI and the text report file, please set the "Show Parameter Settings in Synthesis Report" option in "Analysis and Synthesis Settings -> More Settings" to "Off".


+------------------------------------------------------------------------------------+
; Parameter Settings for Inferred Entity Instance: seg_led:u_seg_led|lpm_divide:Div4 ;
+------------------------+----------------+------------------------------------------+
; Parameter Name         ; Value          ; Type                                     ;
+------------------------+----------------+------------------------------------------+
; LPM_WIDTHN             ; 20             ; Untyped                                  ;
; LPM_WIDTHD             ; 17             ; Untyped                                  ;
; LPM_NREPRESENTATION    ; UNSIGNED       ; Untyped                                  ;
; LPM_DREPRESENTATION    ; UNSIGNED       ; Untyped                                  ;
; LPM_PIPELINE           ; 0              ; Untyped                                  ;
; LPM_REMAINDERPOSITIVE  ; TRUE           ; Untyped                                  ;
; MAXIMIZE_SPEED         ; 5              ; Untyped                                  ;
; CBXI_PARAMETER         ; lpm_divide_hkm ; Untyped                                  ;
; CARRY_CHAIN            ; MANUAL         ; Untyped                                  ;
; OPTIMIZE_FOR_SPEED     ; 5              ; Untyped                                  ;
; AUTO_CARRY_CHAINS      ; ON             ; AUTO_CARRY                               ;
; IGNORE_CARRY_BUFFERS   ; OFF            ; IGNORE_CARRY                             ;
; AUTO_CASCADE_CHAINS    ; ON             ; AUTO_CASCADE                             ;
; IGNORE_CASCADE_BUFFERS ; OFF            ; IGNORE_CASCADE                           ;
+------------------------+----------------+------------------------------------------+
Note: In order to hide this table in the UI and the text report file, please set the "Show Parameter Settings in Synthesis Report" option in "Analysis and Synthesis Settings -> More Settings" to "Off".


+-------------------------------+
; Elapsed Time Per Partition    ;
+----------------+--------------+
; Partition Name ; Elapsed Time ;
+----------------+--------------+
; Top            ; 00:00:04     ;
+----------------+--------------+


+-------------------------------+
; Analysis & Synthesis Messages ;
+-------------------------------+
Info: *******************************************************************
Info: Running Quartus II 64-Bit Analysis & Synthesis
    Info: Version 13.1.0 Build 162 10/23/2013 SJ Full Version
    Info: Processing started: Fri Sep 07 14:48:20 2018
Info: Command: quartus_map --read_settings_files=on --write_settings_files=off top_seg_led -c top_seg_led
Info (20030): Parallel compilation is enabled and will use 4 of the 4 processors detected
Info (12021): Found 1 design units, including 1 entities, in source file /warship_develop/ep4ce10/verilog/6_seg_led_dynamic/rtl/count.v
    Info (12023): Found entity 1: count
Info (12021): Found 1 design units, including 1 entities, in source file /warship_develop/ep4ce10/verilog/6_seg_led_dynamic/rtl/top_seg_led.v
    Info (12023): Found entity 1: top_seg_led
Info (12021): Found 1 design units, including 1 entities, in source file /warship_develop/ep4ce10/verilog/6_seg_led_dynamic/rtl/seg_led.v
    Info (12023): Found entity 1: seg_led
Info (12127): Elaborating entity "top_seg_led" for the top level hierarchy
Info (12128): Elaborating entity "count" for hierarchy "count:u_count"
Info (12128): Elaborating entity "seg_led" for hierarchy "seg_led:u_seg_led"
Warning (10230): Verilog HDL assignment warning at seg_led.v(62): truncated value with size 20 to match size of target (4)
Warning (10230): Verilog HDL assignment warning at seg_led.v(63): truncated value with size 20 to match size of target (4)
Warning (10230): Verilog HDL assignment warning at seg_led.v(64): truncated value with size 20 to match size of target (4)
Warning (10230): Verilog HDL assignment warning at seg_led.v(65): truncated value with size 20 to match size of target (4)
Warning (10230): Verilog HDL assignment warning at seg_led.v(66): truncated value with size 20 to match size of target (4)
Warning (10230): Verilog HDL assignment warning at seg_led.v(67): truncated value with size 20 to match size of target (4)
Info (278001): Inferred 10 megafunctions from design logic
    Info (278004): Inferred divider/modulo megafunction ("lpm_divide") from the following logic: "seg_led:u_seg_led|Div1"
    Info (278004): Inferred divider/modulo megafunction ("lpm_divide") from the following logic: "seg_led:u_seg_led|Mod2"
    Info (278004): Inferred divider/modulo megafunction ("lpm_divide") from the following logic: "seg_led:u_seg_led|Div0"
    Info (278004): Inferred divider/modulo megafunction ("lpm_divide") from the following logic: "seg_led:u_seg_led|Mod1"
    Info (278004): Inferred divider/modulo megafunction ("lpm_divide") from the following logic: "seg_led:u_seg_led|Mod0"
    Info (278004): Inferred divider/modulo megafunction ("lpm_divide") from the following logic: "seg_led:u_seg_led|Div2"
    Info (278004): Inferred divider/modulo megafunction ("lpm_divide") from the following logic: "seg_led:u_seg_led|Mod3"
    Info (278004): Inferred divider/modulo megafunction ("lpm_divide") from the following logic: "seg_led:u_seg_led|Div3"
    Info (278004): Inferred divider/modulo megafunction ("lpm_divide") from the following logic: "seg_led:u_seg_led|Mod4"
    Info (278004): Inferred divider/modulo megafunction ("lpm_divide") from the following logic: "seg_led:u_seg_led|Div4"
Info (12130): Elaborated megafunction instantiation "seg_led:u_seg_led|lpm_divide:Div1"
Info (12133): Instantiated megafunction "seg_led:u_seg_led|lpm_divide:Div1" with the following parameter:
    Info (12134): Parameter "LPM_WIDTHN" = "20"
    Info (12134): Parameter "LPM_WIDTHD" = "7"
    Info (12134): Parameter "LPM_NREPRESENTATION" = "UNSIGNED"
    Info (12134): Parameter "LPM_DREPRESENTATION" = "UNSIGNED"
Info (12021): Found 1 design units, including 1 entities, in source file db/lpm_divide_0jm.tdf
    Info (12023): Found entity 1: lpm_divide_0jm
Info (12021): Found 1 design units, including 1 entities, in source file db/sign_div_unsign_olh.tdf
    Info (12023): Found entity 1: sign_div_unsign_olh
Info (12021): Found 1 design units, including 1 entities, in source file db/alt_u_div_47f.tdf
    Info (12023): Found entity 1: alt_u_div_47f
Info (12021): Found 1 design units, including 1 entities, in source file db/add_sub_7pc.tdf
    Info (12023): Found entity 1: add_sub_7pc
Info (12021): Found 1 design units, including 1 entities, in source file db/add_sub_8pc.tdf
    Info (12023): Found entity 1: add_sub_8pc
Info (12130): Elaborated megafunction instantiation "seg_led:u_seg_led|lpm_divide:Mod2"
Info (12133): Instantiated megafunction "seg_led:u_seg_led|lpm_divide:Mod2" with the following parameter:
    Info (12134): Parameter "LPM_WIDTHN" = "20"
    Info (12134): Parameter "LPM_WIDTHD" = "4"
    Info (12134): Parameter "LPM_NREPRESENTATION" = "UNSIGNED"
    Info (12134): Parameter "LPM_DREPRESENTATION" = "UNSIGNED"
Info (12021): Found 1 design units, including 1 entities, in source file db/lpm_divide_0bm.tdf
    Info (12023): Found entity 1: lpm_divide_0bm
Info (12021): Found 1 design units, including 1 entities, in source file db/sign_div_unsign_llh.tdf
    Info (12023): Found entity 1: sign_div_unsign_llh
Info (12021): Found 1 design units, including 1 entities, in source file db/alt_u_div_u6f.tdf
    Info (12023): Found entity 1: alt_u_div_u6f
Info (12130): Elaborated megafunction instantiation "seg_led:u_seg_led|lpm_divide:Div0"
Info (12133): Instantiated megafunction "seg_led:u_seg_led|lpm_divide:Div0" with the following parameter:
    Info (12134): Parameter "LPM_WIDTHN" = "20"
    Info (12134): Parameter "LPM_WIDTHD" = "4"
    Info (12134): Parameter "LPM_NREPRESENTATION" = "UNSIGNED"
    Info (12134): Parameter "LPM_DREPRESENTATION" = "UNSIGNED"
Info (12021): Found 1 design units, including 1 entities, in source file db/lpm_divide_tim.tdf
    Info (12023): Found entity 1: lpm_divide_tim
Info (12130): Elaborated megafunction instantiation "seg_led:u_seg_led|lpm_divide:Div2"
Info (12133): Instantiated megafunction "seg_led:u_seg_led|lpm_divide:Div2" with the following parameter:
    Info (12134): Parameter "LPM_WIDTHN" = "20"
    Info (12134): Parameter "LPM_WIDTHD" = "10"
    Info (12134): Parameter "LPM_NREPRESENTATION" = "UNSIGNED"
    Info (12134): Parameter "LPM_DREPRESENTATION" = "UNSIGNED"
Info (12021): Found 1 design units, including 1 entities, in source file db/lpm_divide_akm.tdf
    Info (12023): Found entity 1: lpm_divide_akm
Info (12021): Found 1 design units, including 1 entities, in source file db/sign_div_unsign_2nh.tdf
    Info (12023): Found entity 1: sign_div_unsign_2nh
Info (12021): Found 1 design units, including 1 entities, in source file db/alt_u_div_o9f.tdf
    Info (12023): Found entity 1: alt_u_div_o9f
Info (12130): Elaborated megafunction instantiation "seg_led:u_seg_led|lpm_divide:Div3"
Info (12133): Instantiated megafunction "seg_led:u_seg_led|lpm_divide:Div3" with the following parameter:
    Info (12134): Parameter "LPM_WIDTHN" = "20"
    Info (12134): Parameter "LPM_WIDTHD" = "14"
    Info (12134): Parameter "LPM_NREPRESENTATION" = "UNSIGNED"
    Info (12134): Parameter "LPM_DREPRESENTATION" = "UNSIGNED"
Info (12021): Found 1 design units, including 1 entities, in source file db/lpm_divide_ekm.tdf
    Info (12023): Found entity 1: lpm_divide_ekm
Info (12021): Found 1 design units, including 1 entities, in source file db/sign_div_unsign_6nh.tdf
    Info (12023): Found entity 1: sign_div_unsign_6nh
Info (12021): Found 1 design units, including 1 entities, in source file db/alt_u_div_0af.tdf
    Info (12023): Found entity 1: alt_u_div_0af
Info (12130): Elaborated megafunction instantiation "seg_led:u_seg_led|lpm_divide:Div4"
Info (12133): Instantiated megafunction "seg_led:u_seg_led|lpm_divide:Div4" with the following parameter:
    Info (12134): Parameter "LPM_WIDTHN" = "20"
    Info (12134): Parameter "LPM_WIDTHD" = "17"
    Info (12134): Parameter "LPM_NREPRESENTATION" = "UNSIGNED"
    Info (12134): Parameter "LPM_DREPRESENTATION" = "UNSIGNED"
Info (12021): Found 1 design units, including 1 entities, in source file db/lpm_divide_hkm.tdf
    Info (12023): Found entity 1: lpm_divide_hkm
Info (12021): Found 1 design units, including 1 entities, in source file db/sign_div_unsign_9nh.tdf
    Info (12023): Found entity 1: sign_div_unsign_9nh
Info (12021): Found 1 design units, including 1 entities, in source file db/alt_u_div_6af.tdf
    Info (12023): Found entity 1: alt_u_div_6af
Info (13000): Registers with preset signals will power-up high
Info (13003): DEV_CLRn pin will set, and not reset, register with preset signal due to NOT Gate Push-Back
Warning (13024): Output pins are stuck at VCC or GND
    Warning (13410): Pin "seg_led[7]" is stuck at VCC
Info (286030): Timing-Driven Synthesis is running
Info (17016): Found the following redundant logic cells in design
    Info (17048): Logic cell "seg_led:u_seg_led|lpm_divide:Mod4|lpm_divide_0bm:auto_generated|sign_div_unsign_llh:divider|alt_u_div_u6f:divider|add_sub_19_result_int[0]~0"
    Info (17048): Logic cell "seg_led:u_seg_led|lpm_divide:Mod4|lpm_divide_0bm:auto_generated|sign_div_unsign_llh:divider|alt_u_div_u6f:divider|add_sub_16_result_int[0]~10"
    Info (17048): Logic cell "seg_led:u_seg_led|lpm_divide:Mod4|lpm_divide_0bm:auto_generated|sign_div_unsign_llh:divider|alt_u_div_u6f:divider|add_sub_17_result_int[0]~10"
    Info (17048): Logic cell "seg_led:u_seg_led|lpm_divide:Mod4|lpm_divide_0bm:auto_generated|sign_div_unsign_llh:divider|alt_u_div_u6f:divider|add_sub_18_result_int[0]~10"
    Info (17048): Logic cell "seg_led:u_seg_led|lpm_divide:Mod3|lpm_divide_0bm:auto_generated|sign_div_unsign_llh:divider|alt_u_div_u6f:divider|add_sub_19_result_int[0]~0"
    Info (17048): Logic cell "seg_led:u_seg_led|lpm_divide:Mod3|lpm_divide_0bm:auto_generated|sign_div_unsign_llh:divider|alt_u_div_u6f:divider|add_sub_12_result_int[0]~10"
    Info (17048): Logic cell "seg_led:u_seg_led|lpm_divide:Mod3|lpm_divide_0bm:auto_generated|sign_div_unsign_llh:divider|alt_u_div_u6f:divider|add_sub_13_result_int[0]~10"
    Info (17048): Logic cell "seg_led:u_seg_led|lpm_divide:Mod3|lpm_divide_0bm:auto_generated|sign_div_unsign_llh:divider|alt_u_div_u6f:divider|add_sub_14_result_int[0]~10"
    Info (17048): Logic cell "seg_led:u_seg_led|lpm_divide:Mod3|lpm_divide_0bm:auto_generated|sign_div_unsign_llh:divider|alt_u_div_u6f:divider|add_sub_15_result_int[0]~10"
    Info (17048): Logic cell "seg_led:u_seg_led|lpm_divide:Mod3|lpm_divide_0bm:auto_generated|sign_div_unsign_llh:divider|alt_u_div_u6f:divider|add_sub_16_result_int[0]~10"
    Info (17048): Logic cell "seg_led:u_seg_led|lpm_divide:Mod3|lpm_divide_0bm:auto_generated|sign_div_unsign_llh:divider|alt_u_div_u6f:divider|add_sub_17_result_int[0]~10"
    Info (17048): Logic cell "seg_led:u_seg_led|lpm_divide:Mod3|lpm_divide_0bm:auto_generated|sign_div_unsign_llh:divider|alt_u_div_u6f:divider|add_sub_18_result_int[0]~10"
    Info (17048): Logic cell "seg_led:u_seg_led|lpm_divide:Mod2|lpm_divide_0bm:auto_generated|sign_div_unsign_llh:divider|alt_u_div_u6f:divider|add_sub_9_result_int[0]~10"
    Info (17048): Logic cell "seg_led:u_seg_led|lpm_divide:Mod2|lpm_divide_0bm:auto_generated|sign_div_unsign_llh:divider|alt_u_div_u6f:divider|add_sub_10_result_int[0]~10"
    Info (17048): Logic cell "seg_led:u_seg_led|lpm_divide:Mod2|lpm_divide_0bm:auto_generated|sign_div_unsign_llh:divider|alt_u_div_u6f:divider|add_sub_11_result_int[0]~10"
    Info (17048): Logic cell "seg_led:u_seg_led|lpm_divide:Mod2|lpm_divide_0bm:auto_generated|sign_div_unsign_llh:divider|alt_u_div_u6f:divider|add_sub_12_result_int[0]~10"
    Info (17048): Logic cell "seg_led:u_seg_led|lpm_divide:Mod2|lpm_divide_0bm:auto_generated|sign_div_unsign_llh:divider|alt_u_div_u6f:divider|add_sub_13_result_int[0]~10"
    Info (17048): Logic cell "seg_led:u_seg_led|lpm_divide:Mod2|lpm_divide_0bm:auto_generated|sign_div_unsign_llh:divider|alt_u_div_u6f:divider|add_sub_14_result_int[0]~10"
    Info (17048): Logic cell "seg_led:u_seg_led|lpm_divide:Mod2|lpm_divide_0bm:auto_generated|sign_div_unsign_llh:divider|alt_u_div_u6f:divider|add_sub_15_result_int[0]~10"
    Info (17048): Logic cell "seg_led:u_seg_led|lpm_divide:Mod2|lpm_divide_0bm:auto_generated|sign_div_unsign_llh:divider|alt_u_div_u6f:divider|add_sub_16_result_int[0]~10"
    Info (17048): Logic cell "seg_led:u_seg_led|lpm_divide:Mod2|lpm_divide_0bm:auto_generated|sign_div_unsign_llh:divider|alt_u_div_u6f:divider|add_sub_17_result_int[0]~10"
    Info (17048): Logic cell "seg_led:u_seg_led|lpm_divide:Mod2|lpm_divide_0bm:auto_generated|sign_div_unsign_llh:divider|alt_u_div_u6f:divider|add_sub_18_result_int[0]~10"
    Info (17048): Logic cell "seg_led:u_seg_led|lpm_divide:Mod1|lpm_divide_0bm:auto_generated|sign_div_unsign_llh:divider|alt_u_div_u6f:divider|add_sub_6_result_int[0]~10"
    Info (17048): Logic cell "seg_led:u_seg_led|lpm_divide:Mod1|lpm_divide_0bm:auto_generated|sign_div_unsign_llh:divider|alt_u_div_u6f:divider|add_sub_7_result_int[0]~10"
    Info (17048): Logic cell "seg_led:u_seg_led|lpm_divide:Mod1|lpm_divide_0bm:auto_generated|sign_div_unsign_llh:divider|alt_u_div_u6f:divider|add_sub_8_result_int[0]~10"
    Info (17048): Logic cell "seg_led:u_seg_led|lpm_divide:Mod1|lpm_divide_0bm:auto_generated|sign_div_unsign_llh:divider|alt_u_div_u6f:divider|add_sub_9_result_int[0]~10"
    Info (17048): Logic cell "seg_led:u_seg_led|lpm_divide:Mod1|lpm_divide_0bm:auto_generated|sign_div_unsign_llh:divider|alt_u_div_u6f:divider|add_sub_10_result_int[0]~10"
    Info (17048): Logic cell "seg_led:u_seg_led|lpm_divide:Mod1|lpm_divide_0bm:auto_generated|sign_div_unsign_llh:divider|alt_u_div_u6f:divider|add_sub_11_result_int[0]~10"
    Info (17048): Logic cell "seg_led:u_seg_led|lpm_divide:Mod1|lpm_divide_0bm:auto_generated|sign_div_unsign_llh:divider|alt_u_div_u6f:divider|add_sub_12_result_int[0]~10"
    Info (17048): Logic cell "seg_led:u_seg_led|lpm_divide:Mod1|lpm_divide_0bm:auto_generated|sign_div_unsign_llh:divider|alt_u_div_u6f:divider|add_sub_13_result_int[0]~10"
Info (16010): Generating hard_block partition "hard_block:auto_generated_inst"
    Info (16011): Adding 0 node(s), including 0 DDIO, 0 PLL, 0 transceiver and 0 LCELL
Info (21057): Implemented 2034 device resources after synthesis - the final resource count might be different
    Info (21058): Implemented 2 input pins
    Info (21059): Implemented 14 output pins
    Info (21061): Implemented 2018 logic cells
Info: Quartus II 64-Bit Analysis & Synthesis was successful. 0 errors, 8 warnings
    Info: Peak virtual memory: 529 megabytes
    Info: Processing ended: Fri Sep 07 14:48:26 2018
    Info: Elapsed time: 00:00:06
    Info: Total CPU time (on all processors): 00:00:05


